{"/Users/shincat/webDevelopment/jiafeimaoStore/src/App.js": {"path":"/Users/shincat/webDevelopment/jiafeimaoStore/src/App.js","statementMap":{"0":{"start":{"line":22,"column":21},"end":{"line":22,"column":89}},"1":{"start":{"line":22,"column":32},"end":{"line":22,"column":88}},"2":{"start":{"line":23,"column":19},"end":{"line":23,"column":91}},"3":{"start":{"line":23,"column":30},"end":{"line":23,"column":90}},"4":{"start":{"line":24,"column":21},"end":{"line":24,"column":89}},"5":{"start":{"line":24,"column":32},"end":{"line":24,"column":88}},"6":{"start":{"line":28,"column":24},"end":{"line":28,"column":28}},"7":{"start":{"line":32,"column":49},"end":{"line":32,"column":59}},"8":{"start":{"line":33,"column":4},"end":{"line":43,"column":7}},"9":{"start":{"line":34,"column":6},"end":{"line":42,"column":7}},"10":{"start":{"line":35,"column":24},"end":{"line":35,"column":57}},"11":{"start":{"line":36,"column":8},"end":{"line":38,"column":11}},"12":{"start":{"line":37,"column":10},"end":{"line":37,"column":64}},"13":{"start":{"line":40,"column":8},"end":{"line":40,"column":31}},"14":{"start":{"line":46,"column":28},"end":{"line":46,"column":64}},"15":{"start":{"line":47,"column":4},"end":{"line":50,"column":7}},"16":{"start":{"line":48,"column":24},"end":{"line":48,"column":46}},"17":{"start":{"line":49,"column":6},"end":{"line":49,"column":36}},"18":{"start":{"line":55,"column":4},"end":{"line":55,"column":31}},"19":{"start":{"line":59,"column":21},"end":{"line":59,"column":31}},"20":{"start":{"line":60,"column":4},"end":{"line":74,"column":6}},"21":{"start":{"line":78,"column":0},"end":{"line":81,"column":2}},"22":{"start":{"line":83,"column":0},"end":{"line":85,"column":2}},"23":{"start":{"line":87,"column":27},"end":{"line":90,"column":2}},"24":{"start":{"line":87,"column":42},"end":{"line":90,"column":1}},"25":{"start":{"line":88,"column":29},"end":{"line":88,"column":60}},"26":{"start":{"line":89,"column":35},"end":{"line":89,"column":72}},"27":{"start":{"line":92,"column":24},"end":{"line":95,"column":2}}},"fnMap":{"0":{"name":"(anonymous_0)","decl":{"start":{"line":22,"column":26},"end":{"line":22,"column":27}},"loc":{"start":{"line":22,"column":32},"end":{"line":22,"column":88}},"line":22},"1":{"name":"(anonymous_1)","decl":{"start":{"line":23,"column":24},"end":{"line":23,"column":25}},"loc":{"start":{"line":23,"column":30},"end":{"line":23,"column":90}},"line":23},"2":{"name":"(anonymous_2)","decl":{"start":{"line":24,"column":26},"end":{"line":24,"column":27}},"loc":{"start":{"line":24,"column":32},"end":{"line":24,"column":88}},"line":24},"3":{"name":"(anonymous_3)","decl":{"start":{"line":31,"column":2},"end":{"line":31,"column":3}},"loc":{"start":{"line":31,"column":22},"end":{"line":51,"column":3}},"line":31},"4":{"name":"(anonymous_4)","decl":{"start":{"line":33,"column":55},"end":{"line":33,"column":56}},"loc":{"start":{"line":33,"column":75},"end":{"line":43,"column":5}},"line":33},"5":{"name":"(anonymous_5)","decl":{"start":{"line":36,"column":27},"end":{"line":36,"column":28}},"loc":{"start":{"line":36,"column":41},"end":{"line":38,"column":9}},"line":36},"6":{"name":"(anonymous_6)","decl":{"start":{"line":47,"column":31},"end":{"line":47,"column":32}},"loc":{"start":{"line":47,"column":51},"end":{"line":50,"column":5}},"line":47},"7":{"name":"(anonymous_7)","decl":{"start":{"line":54,"column":2},"end":{"line":54,"column":3}},"loc":{"start":{"line":54,"column":25},"end":{"line":56,"column":3}},"line":54},"8":{"name":"(anonymous_8)","decl":{"start":{"line":58,"column":2},"end":{"line":58,"column":3}},"loc":{"start":{"line":58,"column":11},"end":{"line":75,"column":3}},"line":58},"9":{"name":"(anonymous_9)","decl":{"start":{"line":87,"column":27},"end":{"line":87,"column":28}},"loc":{"start":{"line":87,"column":42},"end":{"line":90,"column":1}},"line":87},"10":{"name":"(anonymous_10)","decl":{"start":{"line":88,"column":16},"end":{"line":88,"column":17}},"loc":{"start":{"line":88,"column":29},"end":{"line":88,"column":60}},"line":88},"11":{"name":"(anonymous_11)","decl":{"start":{"line":89,"column":22},"end":{"line":89,"column":23}},"loc":{"start":{"line":89,"column":35},"end":{"line":89,"column":72}},"line":89}},"branchMap":{"0":{"loc":{"start":{"line":34,"column":6},"end":{"line":42,"column":7}},"type":"if","locations":[{"start":{"line":34,"column":6},"end":{"line":42,"column":7}},{"start":{"line":34,"column":6},"end":{"line":42,"column":7}}],"line":34}},"s":{"0":0,"1":0,"2":0,"3":0,"4":0,"5":0,"6":0,"7":0,"8":0,"9":0,"10":0,"11":0,"12":0,"13":0,"14":0,"15":0,"16":0,"17":0,"18":0,"19":0,"20":0,"21":0,"22":0,"23":0,"24":0,"25":0,"26":0,"27":0},"f":{"0":0,"1":0,"2":0,"3":0,"4":0,"5":0,"6":0,"7":0,"8":0,"9":0,"10":0,"11":0},"b":{"0":[0,0]},"hash":"f5b38a3bb84aecb9bb6c1b4d8af05423a741c122"}
,"/Users/shincat/webDevelopment/jiafeimaoStore/src/index.js": {"path":"/Users/shincat/webDevelopment/jiafeimaoStore/src/index.js","statementMap":{"0":{"start":{"line":9,"column":0},"end":{"line":20,"column":1}},"1":{"start":{"line":10,"column":2},"end":{"line":19,"column":5}},"2":{"start":{"line":11,"column":4},"end":{"line":18,"column":9}},"3":{"start":{"line":14,"column":8},"end":{"line":14,"column":53}},"4":{"start":{"line":17,"column":8},"end":{"line":17,"column":67}},"5":{"start":{"line":22,"column":0},"end":{"line":24,"column":1}},"6":{"start":{"line":23,"column":2},"end":{"line":23,"column":22}},"7":{"start":{"line":26,"column":0},"end":{"line":35,"column":2}}},"fnMap":{"0":{"name":"(anonymous_0)","decl":{"start":{"line":10,"column":34},"end":{"line":10,"column":35}},"loc":{"start":{"line":10,"column":40},"end":{"line":19,"column":3}},"line":10},"1":{"name":"(anonymous_1)","decl":{"start":{"line":13,"column":12},"end":{"line":13,"column":13}},"loc":{"start":{"line":13,"column":30},"end":{"line":15,"column":7}},"line":13},"2":{"name":"(anonymous_2)","decl":{"start":{"line":16,"column":13},"end":{"line":16,"column":14}},"loc":{"start":{"line":16,"column":36},"end":{"line":18,"column":7}},"line":16}},"branchMap":{"0":{"loc":{"start":{"line":9,"column":0},"end":{"line":20,"column":1}},"type":"if","locations":[{"start":{"line":9,"column":0},"end":{"line":20,"column":1}},{"start":{"line":9,"column":0},"end":{"line":20,"column":1}}],"line":9},"1":{"loc":{"start":{"line":22,"column":0},"end":{"line":24,"column":1}},"type":"if","locations":[{"start":{"line":22,"column":0},"end":{"line":24,"column":1}},{"start":{"line":22,"column":0},"end":{"line":24,"column":1}}],"line":22}},"s":{"0":0,"1":0,"2":0,"3":0,"4":0,"5":0,"6":0,"7":0},"f":{"0":0,"1":0,"2":0},"b":{"0":[0,0],"1":[0,0]},"hash":"11865ca5e6d06fd7d5fcfdf5f198b2e51a03976e"}
,"/Users/shincat/webDevelopment/jiafeimaoStore/src/components/cartDropdown/cartDropdown.component.js": {"path":"/Users/shincat/webDevelopment/jiafeimaoStore/src/components/cartDropdown/cartDropdown.component.js","statementMap":{"0":{"start":{"line":14,"column":21},"end":{"line":32,"column":1}},"1":{"start":{"line":15,"column":2},"end":{"line":31,"column":8}},"2":{"start":{"line":18,"column":36},"end":{"line":18,"column":82}},"3":{"start":{"line":25,"column":8},"end":{"line":25,"column":34}},"4":{"start":{"line":26,"column":8},"end":{"line":26,"column":25}},"5":{"start":{"line":34,"column":0},"end":{"line":41,"column":2}},"6":{"start":{"line":43,"column":24},"end":{"line":45,"column":2}},"7":{"start":{"line":47,"column":27},"end":{"line":49,"column":2}},"8":{"start":{"line":47,"column":42},"end":{"line":49,"column":1}},"9":{"start":{"line":48,"column":24},"end":{"line":48,"column":50}}},"fnMap":{"0":{"name":"(anonymous_0)","decl":{"start":{"line":14,"column":21},"end":{"line":14,"column":22}},"loc":{"start":{"line":15,"column":2},"end":{"line":31,"column":8}},"line":15},"1":{"name":"(anonymous_1)","decl":{"start":{"line":18,"column":22},"end":{"line":18,"column":23}},"loc":{"start":{"line":18,"column":36},"end":{"line":18,"column":82}},"line":18},"2":{"name":"(anonymous_2)","decl":{"start":{"line":24,"column":15},"end":{"line":24,"column":16}},"loc":{"start":{"line":24,"column":21},"end":{"line":27,"column":7}},"line":24},"3":{"name":"(anonymous_3)","decl":{"start":{"line":47,"column":27},"end":{"line":47,"column":28}},"loc":{"start":{"line":47,"column":42},"end":{"line":49,"column":1}},"line":47},"4":{"name":"(anonymous_4)","decl":{"start":{"line":48,"column":18},"end":{"line":48,"column":19}},"loc":{"start":{"line":48,"column":24},"end":{"line":48,"column":50}},"line":48}},"branchMap":{"0":{"loc":{"start":{"line":17,"column":7},"end":{"line":21,"column":7}},"type":"cond-expr","locations":[{"start":{"line":18,"column":8},"end":{"line":18,"column":83}},{"start":{"line":20,"column":8},"end":{"line":20,"column":54}}],"line":17}},"s":{"0":0,"1":0,"2":0,"3":0,"4":0,"5":0,"6":0,"7":0,"8":0,"9":0},"f":{"0":0,"1":0,"2":0,"3":0,"4":0},"b":{"0":[0,0]},"hash":"3831e5bfebd410aba19e0a1644101fd790c0446b"}
,"/Users/shincat/webDevelopment/jiafeimaoStore/src/components/cartIcon/cartIcon.component.js": {"path":"/Users/shincat/webDevelopment/jiafeimaoStore/src/components/cartIcon/cartIcon.component.js","statementMap":{"0":{"start":{"line":11,"column":17},"end":{"line":16,"column":1}},"1":{"start":{"line":12,"column":2},"end":{"line":15,"column":8}},"2":{"start":{"line":12,"column":57},"end":{"line":12,"column":73}},"3":{"start":{"line":18,"column":0},"end":{"line":21,"column":2}},"4":{"start":{"line":23,"column":27},"end":{"line":25,"column":2}},"5":{"start":{"line":23,"column":42},"end":{"line":25,"column":1}},"6":{"start":{"line":24,"column":24},"end":{"line":24,"column":50}},"7":{"start":{"line":27,"column":24},"end":{"line":27,"column":85}}},"fnMap":{"0":{"name":"(anonymous_0)","decl":{"start":{"line":11,"column":17},"end":{"line":11,"column":18}},"loc":{"start":{"line":12,"column":2},"end":{"line":15,"column":8}},"line":12},"1":{"name":"(anonymous_1)","decl":{"start":{"line":12,"column":51},"end":{"line":12,"column":52}},"loc":{"start":{"line":12,"column":57},"end":{"line":12,"column":73}},"line":12},"2":{"name":"(anonymous_2)","decl":{"start":{"line":23,"column":27},"end":{"line":23,"column":28}},"loc":{"start":{"line":23,"column":42},"end":{"line":25,"column":1}},"line":23},"3":{"name":"(anonymous_3)","decl":{"start":{"line":24,"column":18},"end":{"line":24,"column":19}},"loc":{"start":{"line":24,"column":24},"end":{"line":24,"column":50}},"line":24}},"branchMap":{},"s":{"0":0,"1":0,"2":0,"3":0,"4":0,"5":0,"6":0,"7":0},"f":{"0":0,"1":0,"2":0,"3":0},"b":{},"hash":"55993e4a2a0dfb08d9184d2453e48008a7bbeb3c"}
,"/Users/shincat/webDevelopment/jiafeimaoStore/src/components/cartItem/cartItem.component.js": {"path":"/Users/shincat/webDevelopment/jiafeimaoStore/src/components/cartItem/cartItem.component.js","statementMap":{"0":{"start":{"line":5,"column":17},"end":{"line":22,"column":1}},"1":{"start":{"line":10,"column":2},"end":{"line":21,"column":8}},"2":{"start":{"line":24,"column":0},"end":{"line":26,"column":2}}},"fnMap":{"0":{"name":"(anonymous_0)","decl":{"start":{"line":5,"column":17},"end":{"line":5,"column":18}},"loc":{"start":{"line":10,"column":2},"end":{"line":21,"column":8}},"line":10}},"branchMap":{},"s":{"0":1,"1":1,"2":1},"f":{"0":1},"b":{},"_coverageSchema":"43e27e138ebf9cfc5966b082cf9a028302ed4184","hash":"e5f8a95fee746584ec21c2e877060b76e530c810"}
,"/Users/shincat/webDevelopment/jiafeimaoStore/src/components/checkoutItem/checkoutItem.component.js": {"path":"/Users/shincat/webDevelopment/jiafeimaoStore/src/components/checkoutItem/checkoutItem.component.js","statementMap":{"0":{"start":{"line":7,"column":21},"end":{"line":34,"column":1}},"1":{"start":{"line":15,"column":2},"end":{"line":33,"column":8}},"2":{"start":{"line":21,"column":58},"end":{"line":21,"column":78}},"3":{"start":{"line":25,"column":58},"end":{"line":25,"column":75}},"4":{"start":{"line":30,"column":64},"end":{"line":30,"column":91}},"5":{"start":{"line":36,"column":0},"end":{"line":41,"column":2}},"6":{"start":{"line":43,"column":27},"end":{"line":47,"column":2}},"7":{"start":{"line":43,"column":42},"end":{"line":47,"column":1}},"8":{"start":{"line":44,"column":31},"end":{"line":44,"column":64}},"9":{"start":{"line":45,"column":21},"end":{"line":45,"column":44}},"10":{"start":{"line":46,"column":24},"end":{"line":46,"column":50}}},"fnMap":{"0":{"name":"(anonymous_0)","decl":{"start":{"line":7,"column":21},"end":{"line":7,"column":22}},"loc":{"start":{"line":15,"column":2},"end":{"line":33,"column":8}},"line":15},"1":{"name":"(anonymous_1)","decl":{"start":{"line":21,"column":52},"end":{"line":21,"column":53}},"loc":{"start":{"line":21,"column":58},"end":{"line":21,"column":78}},"line":21},"2":{"name":"(anonymous_2)","decl":{"start":{"line":25,"column":52},"end":{"line":25,"column":53}},"loc":{"start":{"line":25,"column":58},"end":{"line":25,"column":75}},"line":25},"3":{"name":"(anonymous_3)","decl":{"start":{"line":30,"column":58},"end":{"line":30,"column":59}},"loc":{"start":{"line":30,"column":64},"end":{"line":30,"column":91}},"line":30},"4":{"name":"(anonymous_4)","decl":{"start":{"line":43,"column":27},"end":{"line":43,"column":28}},"loc":{"start":{"line":43,"column":42},"end":{"line":47,"column":1}},"line":43},"5":{"name":"(anonymous_5)","decl":{"start":{"line":44,"column":21},"end":{"line":44,"column":22}},"loc":{"start":{"line":44,"column":31},"end":{"line":44,"column":64}},"line":44},"6":{"name":"(anonymous_6)","decl":{"start":{"line":45,"column":11},"end":{"line":45,"column":12}},"loc":{"start":{"line":45,"column":21},"end":{"line":45,"column":44}},"line":45},"7":{"name":"(anonymous_7)","decl":{"start":{"line":46,"column":14},"end":{"line":46,"column":15}},"loc":{"start":{"line":46,"column":24},"end":{"line":46,"column":50}},"line":46}},"branchMap":{},"s":{"0":0,"1":0,"2":0,"3":0,"4":0,"5":0,"6":0,"7":0,"8":0,"9":0,"10":0},"f":{"0":0,"1":0,"2":0,"3":0,"4":0,"5":0,"6":0,"7":0},"b":{},"hash":"d9de80d02e3dd0815c4caca7a0204ab96cbb8c87"}
,"/Users/shincat/webDevelopment/jiafeimaoStore/src/components/error/error.component.js": {"path":"/Users/shincat/webDevelopment/jiafeimaoStore/src/components/error/error.component.js","statementMap":{"0":{"start":{"line":9,"column":14},"end":{"line":14,"column":1}},"1":{"start":{"line":10,"column":2},"end":{"line":13,"column":8}},"2":{"start":{"line":16,"column":0},"end":{"line":18,"column":2}},"3":{"start":{"line":20,"column":24},"end":{"line":22,"column":2}}},"fnMap":{"0":{"name":"(anonymous_0)","decl":{"start":{"line":9,"column":14},"end":{"line":9,"column":15}},"loc":{"start":{"line":10,"column":2},"end":{"line":13,"column":8}},"line":10}},"branchMap":{},"s":{"0":0,"1":0,"2":0,"3":0},"f":{"0":0},"b":{},"hash":"8b4b45d5bbdc92803afef57c698f4d52b05ab4a6"}
,"/Users/shincat/webDevelopment/jiafeimaoStore/src/components/footer/footer.components.js": {"path":"/Users/shincat/webDevelopment/jiafeimaoStore/src/components/footer/footer.components.js","statementMap":{"0":{"start":{"line":4,"column":15},"end":{"line":8,"column":1}},"1":{"start":{"line":5,"column":2},"end":{"line":7,"column":8}}},"fnMap":{"0":{"name":"(anonymous_0)","decl":{"start":{"line":4,"column":15},"end":{"line":4,"column":16}},"loc":{"start":{"line":5,"column":2},"end":{"line":7,"column":8}},"line":5}},"branchMap":{},"s":{"0":0,"1":0},"f":{"0":0},"b":{},"hash":"e7f62bb4a62fc2da467972e108ad5bf88c5519f3"}
,"/Users/shincat/webDevelopment/jiafeimaoStore/src/components/header/header.components.js": {"path":"/Users/shincat/webDevelopment/jiafeimaoStore/src/components/header/header.components.js","statementMap":{"0":{"start":{"line":16,"column":15},"end":{"line":78,"column":1}},"1":{"start":{"line":19,"column":23},"end":{"line":21,"column":3}},"2":{"start":{"line":20,"column":4},"end":{"line":20,"column":35}},"3":{"start":{"line":23,"column":28},"end":{"line":27,"column":3}},"4":{"start":{"line":24,"column":4},"end":{"line":26,"column":5}},"5":{"start":{"line":25,"column":6},"end":{"line":25,"column":23}},"6":{"start":{"line":29,"column":2},"end":{"line":77,"column":4}},"7":{"start":{"line":40,"column":12},"end":{"line":40,"column":28}},"8":{"start":{"line":41,"column":12},"end":{"line":41,"column":32}},"9":{"start":{"line":53,"column":14},"end":{"line":53,"column":29}},"10":{"start":{"line":54,"column":14},"end":{"line":54,"column":34}},"11":{"start":{"line":64,"column":14},"end":{"line":64,"column":30}},"12":{"start":{"line":65,"column":14},"end":{"line":65,"column":34}},"13":{"start":{"line":80,"column":0},"end":{"line":82,"column":2}},"14":{"start":{"line":84,"column":0},"end":{"line":89,"column":2}},"15":{"start":{"line":91,"column":24},"end":{"line":94,"column":2}},"16":{"start":{"line":96,"column":27},"end":{"line":99,"column":2}},"17":{"start":{"line":96,"column":42},"end":{"line":99,"column":1}},"18":{"start":{"line":97,"column":34},"end":{"line":97,"column":70}},"19":{"start":{"line":98,"column":24},"end":{"line":98,"column":50}}},"fnMap":{"0":{"name":"(anonymous_0)","decl":{"start":{"line":16,"column":15},"end":{"line":16,"column":16}},"loc":{"start":{"line":18,"column":6},"end":{"line":78,"column":1}},"line":18},"1":{"name":"(anonymous_1)","decl":{"start":{"line":19,"column":23},"end":{"line":19,"column":24}},"loc":{"start":{"line":19,"column":30},"end":{"line":21,"column":3}},"line":19},"2":{"name":"(anonymous_2)","decl":{"start":{"line":23,"column":28},"end":{"line":23,"column":29}},"loc":{"start":{"line":23,"column":34},"end":{"line":27,"column":3}},"line":23},"3":{"name":"(anonymous_3)","decl":{"start":{"line":39,"column":19},"end":{"line":39,"column":20}},"loc":{"start":{"line":39,"column":26},"end":{"line":42,"column":11}},"line":39},"4":{"name":"(anonymous_4)","decl":{"start":{"line":52,"column":21},"end":{"line":52,"column":22}},"loc":{"start":{"line":52,"column":27},"end":{"line":55,"column":13}},"line":52},"5":{"name":"(anonymous_5)","decl":{"start":{"line":63,"column":21},"end":{"line":63,"column":22}},"loc":{"start":{"line":63,"column":28},"end":{"line":66,"column":13}},"line":63},"6":{"name":"(anonymous_6)","decl":{"start":{"line":96,"column":27},"end":{"line":96,"column":28}},"loc":{"start":{"line":96,"column":42},"end":{"line":99,"column":1}},"line":96},"7":{"name":"(anonymous_7)","decl":{"start":{"line":97,"column":21},"end":{"line":97,"column":22}},"loc":{"start":{"line":97,"column":34},"end":{"line":97,"column":70}},"line":97},"8":{"name":"(anonymous_8)","decl":{"start":{"line":98,"column":18},"end":{"line":98,"column":19}},"loc":{"start":{"line":98,"column":24},"end":{"line":98,"column":50}},"line":98}},"branchMap":{"0":{"loc":{"start":{"line":24,"column":4},"end":{"line":26,"column":5}},"type":"if","locations":[{"start":{"line":24,"column":4},"end":{"line":26,"column":5}},{"start":{"line":24,"column":4},"end":{"line":26,"column":5}}],"line":24},"1":{"loc":{"start":{"line":48,"column":9},"end":{"line":71,"column":9}},"type":"cond-expr","locations":[{"start":{"line":49,"column":10},"end":{"line":58,"column":14}},{"start":{"line":60,"column":10},"end":{"line":70,"column":14}}],"line":48},"2":{"loc":{"start":{"line":75,"column":7},"end":{"line":75,"column":45}},"type":"cond-expr","locations":[{"start":{"line":75,"column":22},"end":{"line":75,"column":38}},{"start":{"line":75,"column":41},"end":{"line":75,"column":45}}],"line":75}},"s":{"0":0,"1":0,"2":0,"3":0,"4":0,"5":0,"6":0,"7":0,"8":0,"9":0,"10":0,"11":0,"12":0,"13":0,"14":0,"15":0,"16":0,"17":0,"18":0,"19":0},"f":{"0":0,"1":0,"2":0,"3":0,"4":0,"5":0,"6":0,"7":0,"8":0},"b":{"0":[0,0],"1":[0,0],"2":[0,0]},"hash":"7ebdd6694012efc8bc4b5d360825e84b2d20e52c"}
,"/Users/shincat/webDevelopment/jiafeimaoStore/src/components/inputForm/inputForm.component.js": {"path":"/Users/shincat/webDevelopment/jiafeimaoStore/src/components/inputForm/inputForm.component.js","statementMap":{"0":{"start":{"line":5,"column":18},"end":{"line":14,"column":1}},"1":{"start":{"line":6,"column":2},"end":{"line":13,"column":8}},"2":{"start":{"line":16,"column":0},"end":{"line":20,"column":2}}},"fnMap":{"0":{"name":"(anonymous_0)","decl":{"start":{"line":5,"column":18},"end":{"line":5,"column":19}},"loc":{"start":{"line":6,"column":2},"end":{"line":13,"column":8}},"line":6}},"branchMap":{"0":{"loc":{"start":{"line":8,"column":5},"end":{"line":12,"column":12}},"type":"cond-expr","locations":[{"start":{"line":9,"column":6},"end":{"line":11,"column":14}},{"start":{"line":12,"column":8},"end":{"line":12,"column":12}}],"line":8},"1":{"loc":{"start":{"line":9,"column":27},"end":{"line":9,"column":66}},"type":"cond-expr","locations":[{"start":{"line":9,"column":53},"end":{"line":9,"column":61}},{"start":{"line":9,"column":64},"end":{"line":9,"column":66}}],"line":9}},"s":{"0":0,"1":0,"2":0},"f":{"0":0},"b":{"0":[0,0],"1":[0,0]},"hash":"32dc70ba6c13a95456e64b1acb5ab7f9d28c104d"}
,"/Users/shincat/webDevelopment/jiafeimaoStore/src/components/landingMenu/landingMenu.component.js": {"path":"/Users/shincat/webDevelopment/jiafeimaoStore/src/components/landingMenu/landingMenu.component.js","statementMap":{"0":{"start":{"line":9,"column":20},"end":{"line":15,"column":1}},"1":{"start":{"line":10,"column":2},"end":{"line":14,"column":8}},"2":{"start":{"line":12,"column":6},"end":{"line":12,"column":51}},"3":{"start":{"line":17,"column":0},"end":{"line":19,"column":2}},"4":{"start":{"line":21,"column":0},"end":{"line":23,"column":2}},"5":{"start":{"line":25,"column":25},"end":{"line":27,"column":2}}},"fnMap":{"0":{"name":"(anonymous_0)","decl":{"start":{"line":9,"column":20},"end":{"line":9,"column":21}},"loc":{"start":{"line":10,"column":2},"end":{"line":14,"column":8}},"line":10},"1":{"name":"(anonymous_1)","decl":{"start":{"line":11,"column":21},"end":{"line":11,"column":22}},"loc":{"start":{"line":12,"column":6},"end":{"line":12,"column":51}},"line":12}},"branchMap":{},"s":{"0":0,"1":0,"2":0,"3":0,"4":0,"5":0},"f":{"0":0,"1":0},"b":{},"hash":"f9cf95ff2a842a353c7a713829ec12b99bd51ae7"}
,"/Users/shincat/webDevelopment/jiafeimaoStore/src/components/landingMenuItem/landingMenuItem.component.js": {"path":"/Users/shincat/webDevelopment/jiafeimaoStore/src/components/landingMenuItem/landingMenuItem.component.js","statementMap":{"0":{"start":{"line":7,"column":24},"end":{"line":28,"column":1}},"1":{"start":{"line":8,"column":32},"end":{"line":10,"column":4}},"2":{"start":{"line":12,"column":2},"end":{"line":27,"column":4}},"3":{"start":{"line":13,"column":73},"end":{"line":13,"column":94}},"4":{"start":{"line":18,"column":22},"end":{"line":18,"column":52}},"5":{"start":{"line":30,"column":0},"end":{"line":35,"column":2}}},"fnMap":{"0":{"name":"(anonymous_0)","decl":{"start":{"line":7,"column":24},"end":{"line":7,"column":25}},"loc":{"start":{"line":7,"column":77},"end":{"line":28,"column":1}},"line":7},"1":{"name":"(anonymous_1)","decl":{"start":{"line":13,"column":67},"end":{"line":13,"column":68}},"loc":{"start":{"line":13,"column":73},"end":{"line":13,"column":94}},"line":13},"2":{"name":"(anonymous_2)","decl":{"start":{"line":18,"column":16},"end":{"line":18,"column":17}},"loc":{"start":{"line":18,"column":22},"end":{"line":18,"column":52}},"line":18}},"branchMap":{"0":{"loc":{"start":{"line":14,"column":7},"end":{"line":14,"column":43}},"type":"cond-expr","locations":[{"start":{"line":14,"column":25},"end":{"line":14,"column":36}},{"start":{"line":14,"column":39},"end":{"line":14,"column":43}}],"line":14},"1":{"loc":{"start":{"line":21,"column":7},"end":{"line":25,"column":7}},"type":"cond-expr","locations":[{"start":{"line":21,"column":25},"end":{"line":21,"column":29}},{"start":{"line":22,"column":8},"end":{"line":24,"column":14}}],"line":21}},"s":{"0":0,"1":0,"2":0,"3":0,"4":0,"5":0},"f":{"0":0,"1":0,"2":0},"b":{"0":[0,0],"1":[0,0]},"hash":"0a523760e0f331bdab07988404ce39d890a8422d"}
,"/Users/shincat/webDevelopment/jiafeimaoStore/src/components/modal/modal.component.js": {"path":"/Users/shincat/webDevelopment/jiafeimaoStore/src/components/modal/modal.component.js","statementMap":{"0":{"start":{"line":14,"column":14},"end":{"line":29,"column":1}},"1":{"start":{"line":15,"column":24},"end":{"line":15,"column":29}},"2":{"start":{"line":18,"column":23},"end":{"line":22,"column":3}},"3":{"start":{"line":24,"column":2},"end":{"line":28,"column":4}},"4":{"start":{"line":31,"column":0},"end":{"line":34,"column":2}},"5":{"start":{"line":36,"column":24},"end":{"line":39,"column":2}},"6":{"start":{"line":41,"column":27},"end":{"line":43,"column":2}},"7":{"start":{"line":41,"column":42},"end":{"line":43,"column":1}},"8":{"start":{"line":42,"column":27},"end":{"line":42,"column":56}}},"fnMap":{"0":{"name":"(anonymous_0)","decl":{"start":{"line":14,"column":14},"end":{"line":14,"column":15}},"loc":{"start":{"line":14,"column":25},"end":{"line":29,"column":1}},"line":14},"1":{"name":"(anonymous_1)","decl":{"start":{"line":41,"column":27},"end":{"line":41,"column":28}},"loc":{"start":{"line":41,"column":42},"end":{"line":43,"column":1}},"line":41},"2":{"name":"(anonymous_2)","decl":{"start":{"line":42,"column":21},"end":{"line":42,"column":22}},"loc":{"start":{"line":42,"column":27},"end":{"line":42,"column":56}},"line":42}},"branchMap":{},"s":{"0":0,"1":0,"2":0,"3":0,"4":0,"5":0,"6":0,"7":0,"8":0},"f":{"0":0,"1":0,"2":0},"b":{},"hash":"afb2e0795a9e62e1fcd28dd232f556e33b2cdd3c"}
,"/Users/shincat/webDevelopment/jiafeimaoStore/src/components/modal/modalFormat.component.js": {"path":"/Users/shincat/webDevelopment/jiafeimaoStore/src/components/modal/modalFormat.component.js","statementMap":{"0":{"start":{"line":12,"column":18},"end":{"line":12,"column":55}},"1":{"start":{"line":16,"column":4},"end":{"line":16,"column":17}},"2":{"start":{"line":17,"column":4},"end":{"line":17,"column":44}},"3":{"start":{"line":21,"column":4},"end":{"line":21,"column":35}},"4":{"start":{"line":25,"column":4},"end":{"line":25,"column":35}},"5":{"start":{"line":28,"column":34},"end":{"line":33,"column":3}},"6":{"start":{"line":29,"column":33},"end":{"line":29,"column":43}},"7":{"start":{"line":30,"column":4},"end":{"line":32,"column":5}},"8":{"start":{"line":31,"column":6},"end":{"line":31,"column":25}},"9":{"start":{"line":36,"column":36},"end":{"line":36,"column":46}},"10":{"start":{"line":39,"column":6},"end":{"line":43,"column":9}},"11":{"start":{"line":40,"column":57},"end":{"line":40,"column":94}},"12":{"start":{"line":45,"column":4},"end":{"line":47,"column":5}},"13":{"start":{"line":46,"column":6},"end":{"line":46,"column":18}},"14":{"start":{"line":48,"column":4},"end":{"line":48,"column":51}},"15":{"start":{"line":52,"column":0},"end":{"line":54,"column":2}},"16":{"start":{"line":56,"column":0},"end":{"line":60,"column":2}},"17":{"start":{"line":62,"column":24},"end":{"line":64,"column":2}},"18":{"start":{"line":66,"column":27},"end":{"line":68,"column":2}},"19":{"start":{"line":66,"column":42},"end":{"line":68,"column":1}},"20":{"start":{"line":67,"column":26},"end":{"line":67,"column":54}}},"fnMap":{"0":{"name":"(anonymous_0)","decl":{"start":{"line":15,"column":2},"end":{"line":15,"column":3}},"loc":{"start":{"line":15,"column":21},"end":{"line":18,"column":3}},"line":15},"1":{"name":"(anonymous_1)","decl":{"start":{"line":20,"column":2},"end":{"line":20,"column":3}},"loc":{"start":{"line":20,"column":22},"end":{"line":22,"column":3}},"line":20},"2":{"name":"(anonymous_2)","decl":{"start":{"line":24,"column":2},"end":{"line":24,"column":3}},"loc":{"start":{"line":24,"column":25},"end":{"line":26,"column":3}},"line":24},"3":{"name":"(anonymous_3)","decl":{"start":{"line":28,"column":34},"end":{"line":28,"column":35}},"loc":{"start":{"line":28,"column":41},"end":{"line":33,"column":3}},"line":28},"4":{"name":"(anonymous_4)","decl":{"start":{"line":35,"column":2},"end":{"line":35,"column":3}},"loc":{"start":{"line":35,"column":11},"end":{"line":49,"column":3}},"line":35},"5":{"name":"(anonymous_5)","decl":{"start":{"line":40,"column":50},"end":{"line":40,"column":51}},"loc":{"start":{"line":40,"column":57},"end":{"line":40,"column":94}},"line":40},"6":{"name":"(anonymous_6)","decl":{"start":{"line":66,"column":27},"end":{"line":66,"column":28}},"loc":{"start":{"line":66,"column":42},"end":{"line":68,"column":1}},"line":66},"7":{"name":"(anonymous_7)","decl":{"start":{"line":67,"column":20},"end":{"line":67,"column":21}},"loc":{"start":{"line":67,"column":26},"end":{"line":67,"column":54}},"line":67}},"branchMap":{"0":{"loc":{"start":{"line":30,"column":4},"end":{"line":32,"column":5}},"type":"if","locations":[{"start":{"line":30,"column":4},"end":{"line":32,"column":5}},{"start":{"line":30,"column":4},"end":{"line":32,"column":5}}],"line":30},"1":{"loc":{"start":{"line":45,"column":4},"end":{"line":47,"column":5}},"type":"if","locations":[{"start":{"line":45,"column":4},"end":{"line":47,"column":5}},{"start":{"line":45,"column":4},"end":{"line":47,"column":5}}],"line":45}},"s":{"0":0,"1":0,"2":0,"3":0,"4":0,"5":0,"6":0,"7":0,"8":0,"9":0,"10":0,"11":0,"12":0,"13":0,"14":0,"15":0,"16":0,"17":0,"18":0,"19":0,"20":0},"f":{"0":0,"1":0,"2":0,"3":0,"4":0,"5":0,"6":0,"7":0},"b":{"0":[0,0],"1":[0,0]},"hash":"e45a9945d87d236e69293199ea8661f8376b0c43"}
,"/Users/shincat/webDevelopment/jiafeimaoStore/src/components/myButton/myButton.component.js": {"path":"/Users/shincat/webDevelopment/jiafeimaoStore/src/components/myButton/myButton.component.js","statementMap":{"0":{"start":{"line":5,"column":17},"end":{"line":16,"column":1}},"1":{"start":{"line":8,"column":2},"end":{"line":15,"column":11}},"2":{"start":{"line":18,"column":0},"end":{"line":24,"column":2}},"3":{"start":{"line":26,"column":0},"end":{"line":32,"column":2}}},"fnMap":{"0":{"name":"(anonymous_0)","decl":{"start":{"line":5,"column":17},"end":{"line":5,"column":18}},"loc":{"start":{"line":8,"column":2},"end":{"line":15,"column":11}},"line":8}},"branchMap":{"0":{"loc":{"start":{"line":9,"column":18},"end":{"line":9,"column":44}},"type":"cond-expr","locations":[{"start":{"line":9,"column":29},"end":{"line":9,"column":39}},{"start":{"line":9,"column":42},"end":{"line":9,"column":44}}],"line":9},"1":{"loc":{"start":{"line":9,"column":48},"end":{"line":9,"column":82}},"type":"cond-expr","locations":[{"start":{"line":9,"column":63},"end":{"line":9,"column":77}},{"start":{"line":9,"column":80},"end":{"line":9,"column":82}}],"line":9},"2":{"loc":{"start":{"line":10,"column":6},"end":{"line":10,"column":38}},"type":"cond-expr","locations":[{"start":{"line":10,"column":17},"end":{"line":10,"column":33}},{"start":{"line":10,"column":36},"end":{"line":10,"column":38}}],"line":10}},"s":{"0":0,"1":0,"2":0,"3":0},"f":{"0":0},"b":{"0":[0,0],"1":[0,0],"2":[0,0]},"hash":"9bbba94defb9d158258b83fdb98dd68a14c9433e"}
,"/Users/shincat/webDevelopment/jiafeimaoStore/src/components/myShopItem/myShopItem.component.js": {"path":"/Users/shincat/webDevelopment/jiafeimaoStore/src/components/myShopItem/myShopItem.component.js","statementMap":{"0":{"start":{"line":8,"column":19},"end":{"line":43,"column":1}},"1":{"start":{"line":13,"column":32},"end":{"line":15,"column":4}},"2":{"start":{"line":17,"column":2},"end":{"line":42,"column":4}},"3":{"start":{"line":24,"column":24},"end":{"line":24,"column":54}},"4":{"start":{"line":37,"column":33},"end":{"line":37,"column":91}},"5":{"start":{"line":45,"column":0},"end":{"line":50,"column":2}}},"fnMap":{"0":{"name":"(anonymous_0)","decl":{"start":{"line":8,"column":19},"end":{"line":8,"column":20}},"loc":{"start":{"line":12,"column":6},"end":{"line":43,"column":1}},"line":12},"1":{"name":"(anonymous_1)","decl":{"start":{"line":24,"column":18},"end":{"line":24,"column":19}},"loc":{"start":{"line":24,"column":24},"end":{"line":24,"column":54}},"line":24},"2":{"name":"(anonymous_2)","decl":{"start":{"line":37,"column":27},"end":{"line":37,"column":28}},"loc":{"start":{"line":37,"column":33},"end":{"line":37,"column":91}},"line":37}},"branchMap":{"0":{"loc":{"start":{"line":20,"column":9},"end":{"line":20,"column":45}},"type":"cond-expr","locations":[{"start":{"line":20,"column":27},"end":{"line":20,"column":38}},{"start":{"line":20,"column":41},"end":{"line":20,"column":45}}],"line":20}},"s":{"0":0,"1":0,"2":0,"3":0,"4":0,"5":0},"f":{"0":0,"1":0,"2":0},"b":{"0":[0,0]},"hash":"1c5bda1380a3e41b3abf3c341bf382ab13e05165"}
,"/Users/shincat/webDevelopment/jiafeimaoStore/src/components/myShopOverview/myShopOverview.component.js": {"path":"/Users/shincat/webDevelopment/jiafeimaoStore/src/components/myShopOverview/myShopOverview.component.js","statementMap":{"0":{"start":{"line":6,"column":23},"end":{"line":17,"column":1}},"1":{"start":{"line":7,"column":2},"end":{"line":16,"column":8}},"2":{"start":{"line":12,"column":10},"end":{"line":12,"column":64}},"3":{"start":{"line":19,"column":0},"end":{"line":22,"column":2}}},"fnMap":{"0":{"name":"(anonymous_0)","decl":{"start":{"line":6,"column":23},"end":{"line":6,"column":24}},"loc":{"start":{"line":7,"column":2},"end":{"line":16,"column":8}},"line":7},"1":{"name":"(anonymous_1)","decl":{"start":{"line":11,"column":19},"end":{"line":11,"column":20}},"loc":{"start":{"line":12,"column":10},"end":{"line":12,"column":64}},"line":12}},"branchMap":{},"s":{"0":0,"1":0,"2":0,"3":0},"f":{"0":0,"1":0},"b":{},"hash":"3746732c1d31573b9169b4c8d3958bcedc61ec27"}
,"/Users/shincat/webDevelopment/jiafeimaoStore/src/components/pages/checkout/checkout.component.js": {"path":"/Users/shincat/webDevelopment/jiafeimaoStore/src/components/pages/checkout/checkout.component.js","statementMap":{"0":{"start":{"line":11,"column":21},"end":{"line":46,"column":1}},"1":{"start":{"line":12,"column":2},"end":{"line":45,"column":8}},"2":{"start":{"line":31,"column":6},"end":{"line":31,"column":60}},"3":{"start":{"line":48,"column":0},"end":{"line":52,"column":2}},"4":{"start":{"line":54,"column":24},"end":{"line":57,"column":2}}},"fnMap":{"0":{"name":"(anonymous_0)","decl":{"start":{"line":11,"column":21},"end":{"line":11,"column":22}},"loc":{"start":{"line":12,"column":2},"end":{"line":45,"column":8}},"line":12},"1":{"name":"(anonymous_1)","decl":{"start":{"line":30,"column":19},"end":{"line":30,"column":20}},"loc":{"start":{"line":31,"column":6},"end":{"line":31,"column":60}},"line":31}},"branchMap":{},"s":{"0":0,"1":0,"2":0,"3":0,"4":0},"f":{"0":0,"1":0},"b":{},"hash":"389f3afd2886abd9381d3af32784f8241185f1a3"}
,"/Users/shincat/webDevelopment/jiafeimaoStore/src/components/pages/contact/contact.component.js": {"path":"/Users/shincat/webDevelopment/jiafeimaoStore/src/components/pages/contact/contact.component.js","statementMap":{"0":{"start":{"line":4,"column":16},"end":{"line":13,"column":1}},"1":{"start":{"line":5,"column":2},"end":{"line":12,"column":8}}},"fnMap":{"0":{"name":"(anonymous_0)","decl":{"start":{"line":4,"column":16},"end":{"line":4,"column":17}},"loc":{"start":{"line":5,"column":2},"end":{"line":12,"column":8}},"line":5}},"branchMap":{},"s":{"0":0,"1":0},"f":{"0":0},"b":{},"hash":"6b6d798950d9317a51bbc4c7ba12fce9547fc3e8"}
,"/Users/shincat/webDevelopment/jiafeimaoStore/src/components/pages/donation/donation.component.js": {"path":"/Users/shincat/webDevelopment/jiafeimaoStore/src/components/pages/donation/donation.component.js","statementMap":{"0":{"start":{"line":11,"column":21},"end":{"line":50,"column":1}},"1":{"start":{"line":12,"column":30},"end":{"line":12,"column":201}},"2":{"start":{"line":13,"column":32},"end":{"line":15,"column":4}},"3":{"start":{"line":17,"column":2},"end":{"line":49,"column":4}},"4":{"start":{"line":22,"column":22},"end":{"line":22,"column":52}},"5":{"start":{"line":38,"column":18},"end":{"line":41,"column":29}},"6":{"start":{"line":38,"column":61},"end":{"line":38,"column":78}},"7":{"start":{"line":52,"column":0},"end":{"line":55,"column":2}},"8":{"start":{"line":57,"column":24},"end":{"line":57,"column":80}},"9":{"start":{"line":58,"column":27},"end":{"line":60,"column":2}},"10":{"start":{"line":58,"column":42},"end":{"line":60,"column":1}},"11":{"start":{"line":59,"column":21},"end":{"line":59,"column":44}}},"fnMap":{"0":{"name":"(anonymous_0)","decl":{"start":{"line":11,"column":21},"end":{"line":11,"column":22}},"loc":{"start":{"line":11,"column":49},"end":{"line":50,"column":1}},"line":11},"1":{"name":"(anonymous_1)","decl":{"start":{"line":22,"column":16},"end":{"line":22,"column":17}},"loc":{"start":{"line":22,"column":22},"end":{"line":22,"column":52}},"line":22},"2":{"name":"(anonymous_2)","decl":{"start":{"line":37,"column":31},"end":{"line":37,"column":32}},"loc":{"start":{"line":38,"column":18},"end":{"line":41,"column":29}},"line":38},"3":{"name":"(anonymous_3)","decl":{"start":{"line":38,"column":55},"end":{"line":38,"column":56}},"loc":{"start":{"line":38,"column":61},"end":{"line":38,"column":78}},"line":38},"4":{"name":"(anonymous_4)","decl":{"start":{"line":58,"column":27},"end":{"line":58,"column":28}},"loc":{"start":{"line":58,"column":42},"end":{"line":60,"column":1}},"line":58},"5":{"name":"(anonymous_5)","decl":{"start":{"line":59,"column":11},"end":{"line":59,"column":12}},"loc":{"start":{"line":59,"column":21},"end":{"line":59,"column":44}},"line":59}},"branchMap":{"0":{"loc":{"start":{"line":26,"column":7},"end":{"line":47,"column":7}},"type":"cond-expr","locations":[{"start":{"line":27,"column":8},"end":{"line":27,"column":19}},{"start":{"line":29,"column":8},"end":{"line":46,"column":11}}],"line":26}},"s":{"0":0,"1":0,"2":0,"3":0,"4":0,"5":0,"6":0,"7":0,"8":0,"9":0,"10":0,"11":0},"f":{"0":0,"1":0,"2":0,"3":0,"4":0,"5":0},"b":{"0":[0,0]},"hash":"60f09794639eeb662d734a3c0b84c1632d4814c2"}
,"/Users/shincat/webDevelopment/jiafeimaoStore/src/components/pages/itemDetail/itemDetail.component.js": {"path":"/Users/shincat/webDevelopment/jiafeimaoStore/src/components/pages/itemDetail/itemDetail.component.js","statementMap":{"0":{"start":{"line":10,"column":23},"end":{"line":44,"column":1}},"1":{"start":{"line":11,"column":24},"end":{"line":11,"column":36}},"2":{"start":{"line":12,"column":19},"end":{"line":12,"column":46}},"3":{"start":{"line":15,"column":6},"end":{"line":15,"column":14}},"4":{"start":{"line":16,"column":32},"end":{"line":18,"column":4}},"5":{"start":{"line":20,"column":2},"end":{"line":43,"column":4}},"6":{"start":{"line":28,"column":26},"end":{"line":28,"column":56}},"7":{"start":{"line":39,"column":35},"end":{"line":39,"column":52}},"8":{"start":{"line":46,"column":0},"end":{"line":53,"column":2}},"9":{"start":{"line":55,"column":27},"end":{"line":57,"column":2}},"10":{"start":{"line":55,"column":42},"end":{"line":57,"column":1}},"11":{"start":{"line":56,"column":21},"end":{"line":56,"column":44}}},"fnMap":{"0":{"name":"(anonymous_0)","decl":{"start":{"line":10,"column":23},"end":{"line":10,"column":24}},"loc":{"start":{"line":10,"column":59},"end":{"line":44,"column":1}},"line":10},"1":{"name":"(anonymous_1)","decl":{"start":{"line":28,"column":20},"end":{"line":28,"column":21}},"loc":{"start":{"line":28,"column":26},"end":{"line":28,"column":56}},"line":28},"2":{"name":"(anonymous_2)","decl":{"start":{"line":39,"column":29},"end":{"line":39,"column":30}},"loc":{"start":{"line":39,"column":35},"end":{"line":39,"column":52}},"line":39},"3":{"name":"(anonymous_3)","decl":{"start":{"line":55,"column":27},"end":{"line":55,"column":28}},"loc":{"start":{"line":55,"column":42},"end":{"line":57,"column":1}},"line":55},"4":{"name":"(anonymous_4)","decl":{"start":{"line":56,"column":11},"end":{"line":56,"column":12}},"loc":{"start":{"line":56,"column":21},"end":{"line":56,"column":44}},"line":56}},"branchMap":{"0":{"loc":{"start":{"line":24,"column":11},"end":{"line":24,"column":47}},"type":"cond-expr","locations":[{"start":{"line":24,"column":29},"end":{"line":24,"column":40}},{"start":{"line":24,"column":43},"end":{"line":24,"column":47}}],"line":24}},"s":{"0":0,"1":0,"2":0,"3":0,"4":0,"5":0,"6":0,"7":0,"8":0,"9":0,"10":0,"11":0},"f":{"0":0,"1":0,"2":0,"3":0,"4":0},"b":{"0":[0,0]},"hash":"d188f3164a50b06620a825938e93f83f175c0f21"}
,"/Users/shincat/webDevelopment/jiafeimaoStore/src/components/pages/landing/landing.component.js": {"path":"/Users/shincat/webDevelopment/jiafeimaoStore/src/components/pages/landing/landing.component.js","statementMap":{"0":{"start":{"line":6,"column":20},"end":{"line":11,"column":1}},"1":{"start":{"line":7,"column":2},"end":{"line":10,"column":8}}},"fnMap":{"0":{"name":"(anonymous_0)","decl":{"start":{"line":6,"column":20},"end":{"line":6,"column":21}},"loc":{"start":{"line":7,"column":2},"end":{"line":10,"column":8}},"line":7}},"branchMap":{},"s":{"0":0,"1":0},"f":{"0":0},"b":{},"hash":"869a713f19289877db52e2c00fac85c7f0290a6e"}
,"/Users/shincat/webDevelopment/jiafeimaoStore/src/components/pages/myShop/myShop.component.js": {"path":"/Users/shincat/webDevelopment/jiafeimaoStore/src/components/pages/myShop/myShop.component.js","statementMap":{"0":{"start":{"line":9,"column":19},"end":{"line":15,"column":1}},"1":{"start":{"line":10,"column":2},"end":{"line":14,"column":8}},"2":{"start":{"line":12,"column":6},"end":{"line":12,"column":49}},"3":{"start":{"line":17,"column":0},"end":{"line":19,"column":2}},"4":{"start":{"line":21,"column":24},"end":{"line":23,"column":2}}},"fnMap":{"0":{"name":"(anonymous_0)","decl":{"start":{"line":9,"column":19},"end":{"line":9,"column":20}},"loc":{"start":{"line":10,"column":2},"end":{"line":14,"column":8}},"line":10},"1":{"name":"(anonymous_1)","decl":{"start":{"line":11,"column":20},"end":{"line":11,"column":21}},"loc":{"start":{"line":12,"column":6},"end":{"line":12,"column":49}},"line":12}},"branchMap":{},"s":{"0":0,"1":0,"2":0,"3":0,"4":0},"f":{"0":0,"1":0},"b":{},"hash":"711ef243f6191a7bc3d52a48ceabfb1fedad275f"}
,"/Users/shincat/webDevelopment/jiafeimaoStore/src/components/pages/myShopRoot/myShopRoot.component.js": {"path":"/Users/shincat/webDevelopment/jiafeimaoStore/src/components/pages/myShopRoot/myShopRoot.component.js","statementMap":{"0":{"start":{"line":13,"column":28},"end":{"line":13,"column":32}},"1":{"start":{"line":16,"column":31},"end":{"line":16,"column":41}},"2":{"start":{"line":17,"column":26},"end":{"line":17,"column":60}},"3":{"start":{"line":18,"column":4},"end":{"line":21,"column":7}},"4":{"start":{"line":19,"column":22},"end":{"line":19,"column":56}},"5":{"start":{"line":20,"column":6},"end":{"line":20,"column":30}},"6":{"start":{"line":25,"column":34},"end":{"line":25,"column":44}},"7":{"start":{"line":26,"column":4},"end":{"line":38,"column":6}},"8":{"start":{"line":31,"column":29},"end":{"line":31,"column":78}},"9":{"start":{"line":35,"column":29},"end":{"line":35,"column":82}},"10":{"start":{"line":42,"column":0},"end":{"line":48,"column":2}},"11":{"start":{"line":50,"column":27},"end":{"line":52,"column":2}},"12":{"start":{"line":50,"column":42},"end":{"line":52,"column":1}},"13":{"start":{"line":51,"column":31},"end":{"line":51,"column":64}},"14":{"start":{"line":54,"column":24},"end":{"line":56,"column":2}}},"fnMap":{"0":{"name":"(anonymous_0)","decl":{"start":{"line":15,"column":2},"end":{"line":15,"column":3}},"loc":{"start":{"line":15,"column":22},"end":{"line":22,"column":3}},"line":15},"1":{"name":"(anonymous_1)","decl":{"start":{"line":18,"column":29},"end":{"line":18,"column":30}},"loc":{"start":{"line":18,"column":49},"end":{"line":21,"column":5}},"line":18},"2":{"name":"(anonymous_2)","decl":{"start":{"line":24,"column":2},"end":{"line":24,"column":3}},"loc":{"start":{"line":24,"column":11},"end":{"line":39,"column":3}},"line":24},"3":{"name":"(anonymous_3)","decl":{"start":{"line":31,"column":18},"end":{"line":31,"column":19}},"loc":{"start":{"line":31,"column":29},"end":{"line":31,"column":78}},"line":31},"4":{"name":"(anonymous_4)","decl":{"start":{"line":35,"column":18},"end":{"line":35,"column":19}},"loc":{"start":{"line":35,"column":29},"end":{"line":35,"column":82}},"line":35},"5":{"name":"(anonymous_5)","decl":{"start":{"line":50,"column":27},"end":{"line":50,"column":28}},"loc":{"start":{"line":50,"column":42},"end":{"line":52,"column":1}},"line":50},"6":{"name":"(anonymous_6)","decl":{"start":{"line":51,"column":18},"end":{"line":51,"column":19}},"loc":{"start":{"line":51,"column":31},"end":{"line":51,"column":64}},"line":51}},"branchMap":{},"s":{"0":0,"1":0,"2":0,"3":0,"4":0,"5":0,"6":0,"7":0,"8":0,"9":0,"10":0,"11":0,"12":0,"13":0,"14":0},"f":{"0":0,"1":0,"2":0,"3":0,"4":0,"5":0,"6":0},"b":{},"hash":"845b5e3cbee41577388865263ea0380ac1e894d2"}
,"/Users/shincat/webDevelopment/jiafeimaoStore/src/components/pages/signInAndSignUp/signInAndSignUp.component.js": {"path":"/Users/shincat/webDevelopment/jiafeimaoStore/src/components/pages/signInAndSignUp/signInAndSignUp.component.js","statementMap":{"0":{"start":{"line":6,"column":24},"end":{"line":11,"column":1}},"1":{"start":{"line":7,"column":2},"end":{"line":10,"column":8}}},"fnMap":{"0":{"name":"(anonymous_0)","decl":{"start":{"line":6,"column":24},"end":{"line":6,"column":25}},"loc":{"start":{"line":7,"column":2},"end":{"line":10,"column":8}},"line":7}},"branchMap":{},"s":{"0":0,"1":0},"f":{"0":0},"b":{},"hash":"06555fb6340409582c3bbf27d3a43f232c0d9111"}
,"/Users/shincat/webDevelopment/jiafeimaoStore/src/components/signIn/signIn.component.js": {"path":"/Users/shincat/webDevelopment/jiafeimaoStore/src/components/signIn/signIn.component.js","statementMap":{"0":{"start":{"line":10,"column":15},"end":{"line":68,"column":1}},"1":{"start":{"line":11,"column":40},"end":{"line":14,"column":4}},"2":{"start":{"line":15,"column":30},"end":{"line":15,"column":41}},"3":{"start":{"line":17,"column":26},"end":{"line":29,"column":3}},"4":{"start":{"line":18,"column":4},"end":{"line":18,"column":23}},"5":{"start":{"line":19,"column":4},"end":{"line":28,"column":5}},"6":{"start":{"line":20,"column":6},"end":{"line":20,"column":61}},"7":{"start":{"line":21,"column":6},"end":{"line":24,"column":9}},"8":{"start":{"line":26,"column":6},"end":{"line":26,"column":25}},"9":{"start":{"line":27,"column":6},"end":{"line":27,"column":46}},"10":{"start":{"line":31,"column":26},"end":{"line":36,"column":3}},"11":{"start":{"line":32,"column":4},"end":{"line":35,"column":7}},"12":{"start":{"line":38,"column":2},"end":{"line":67,"column":4}},"13":{"start":{"line":42,"column":52},"end":{"line":42,"column":70}},"14":{"start":{"line":70,"column":0},"end":{"line":73,"column":2}},"15":{"start":{"line":75,"column":27},"end":{"line":78,"column":2}},"16":{"start":{"line":75,"column":42},"end":{"line":78,"column":1}},"17":{"start":{"line":76,"column":40},"end":{"line":76,"column":82}},"18":{"start":{"line":77,"column":26},"end":{"line":77,"column":54}}},"fnMap":{"0":{"name":"(anonymous_0)","decl":{"start":{"line":10,"column":15},"end":{"line":10,"column":16}},"loc":{"start":{"line":10,"column":60},"end":{"line":68,"column":1}},"line":10},"1":{"name":"(anonymous_1)","decl":{"start":{"line":17,"column":26},"end":{"line":17,"column":27}},"loc":{"start":{"line":17,"column":39},"end":{"line":29,"column":3}},"line":17},"2":{"name":"(anonymous_2)","decl":{"start":{"line":31,"column":26},"end":{"line":31,"column":27}},"loc":{"start":{"line":31,"column":33},"end":{"line":36,"column":3}},"line":31},"3":{"name":"(anonymous_3)","decl":{"start":{"line":42,"column":45},"end":{"line":42,"column":46}},"loc":{"start":{"line":42,"column":52},"end":{"line":42,"column":70}},"line":42},"4":{"name":"(anonymous_4)","decl":{"start":{"line":75,"column":27},"end":{"line":75,"column":28}},"loc":{"start":{"line":75,"column":42},"end":{"line":78,"column":1}},"line":75},"5":{"name":"(anonymous_5)","decl":{"start":{"line":76,"column":21},"end":{"line":76,"column":22}},"loc":{"start":{"line":76,"column":40},"end":{"line":76,"column":82}},"line":76},"6":{"name":"(anonymous_6)","decl":{"start":{"line":77,"column":20},"end":{"line":77,"column":21}},"loc":{"start":{"line":77,"column":26},"end":{"line":77,"column":54}},"line":77}},"branchMap":{},"s":{"0":0,"1":0,"2":0,"3":0,"4":0,"5":0,"6":0,"7":0,"8":0,"9":0,"10":0,"11":0,"12":0,"13":0,"14":0,"15":0,"16":0,"17":0,"18":0},"f":{"0":0,"1":0,"2":0,"3":0,"4":0,"5":0,"6":0},"b":{},"hash":"5d2ad54338451093a6cf4e2931d7a2b536ec0499"}
,"/Users/shincat/webDevelopment/jiafeimaoStore/src/components/signUp/signUp.component.js": {"path":"/Users/shincat/webDevelopment/jiafeimaoStore/src/components/signUp/signUp.component.js","statementMap":{"0":{"start":{"line":10,"column":15},"end":{"line":92,"column":1}},"1":{"start":{"line":11,"column":40},"end":{"line":16,"column":4}},"2":{"start":{"line":19,"column":6},"end":{"line":19,"column":17}},"3":{"start":{"line":21,"column":26},"end":{"line":40,"column":3}},"4":{"start":{"line":22,"column":4},"end":{"line":22,"column":23}},"5":{"start":{"line":23,"column":4},"end":{"line":26,"column":5}},"6":{"start":{"line":24,"column":6},"end":{"line":24,"column":25}},"7":{"start":{"line":25,"column":6},"end":{"line":25,"column":58}},"8":{"start":{"line":27,"column":4},"end":{"line":39,"column":5}},"9":{"start":{"line":28,"column":23},"end":{"line":28,"column":81}},"10":{"start":{"line":29,"column":6},"end":{"line":29,"column":47}},"11":{"start":{"line":30,"column":6},"end":{"line":35,"column":9}},"12":{"start":{"line":37,"column":6},"end":{"line":37,"column":25}},"13":{"start":{"line":38,"column":6},"end":{"line":38,"column":46}},"14":{"start":{"line":42,"column":26},"end":{"line":47,"column":3}},"15":{"start":{"line":43,"column":4},"end":{"line":46,"column":7}},"16":{"start":{"line":49,"column":2},"end":{"line":91,"column":4}},"17":{"start":{"line":53,"column":52},"end":{"line":53,"column":70}},"18":{"start":{"line":94,"column":0},"end":{"line":97,"column":2}},"19":{"start":{"line":99,"column":27},"end":{"line":102,"column":2}},"20":{"start":{"line":99,"column":42},"end":{"line":102,"column":1}},"21":{"start":{"line":100,"column":40},"end":{"line":100,"column":82}},"22":{"start":{"line":101,"column":26},"end":{"line":101,"column":54}}},"fnMap":{"0":{"name":"(anonymous_0)","decl":{"start":{"line":10,"column":15},"end":{"line":10,"column":16}},"loc":{"start":{"line":10,"column":60},"end":{"line":92,"column":1}},"line":10},"1":{"name":"(anonymous_1)","decl":{"start":{"line":21,"column":26},"end":{"line":21,"column":27}},"loc":{"start":{"line":21,"column":39},"end":{"line":40,"column":3}},"line":21},"2":{"name":"(anonymous_2)","decl":{"start":{"line":42,"column":26},"end":{"line":42,"column":27}},"loc":{"start":{"line":42,"column":33},"end":{"line":47,"column":3}},"line":42},"3":{"name":"(anonymous_3)","decl":{"start":{"line":53,"column":45},"end":{"line":53,"column":46}},"loc":{"start":{"line":53,"column":52},"end":{"line":53,"column":70}},"line":53},"4":{"name":"(anonymous_4)","decl":{"start":{"line":99,"column":27},"end":{"line":99,"column":28}},"loc":{"start":{"line":99,"column":42},"end":{"line":102,"column":1}},"line":99},"5":{"name":"(anonymous_5)","decl":{"start":{"line":100,"column":21},"end":{"line":100,"column":22}},"loc":{"start":{"line":100,"column":40},"end":{"line":100,"column":82}},"line":100},"6":{"name":"(anonymous_6)","decl":{"start":{"line":101,"column":20},"end":{"line":101,"column":21}},"loc":{"start":{"line":101,"column":26},"end":{"line":101,"column":54}},"line":101}},"branchMap":{"0":{"loc":{"start":{"line":23,"column":4},"end":{"line":26,"column":5}},"type":"if","locations":[{"start":{"line":23,"column":4},"end":{"line":26,"column":5}},{"start":{"line":23,"column":4},"end":{"line":26,"column":5}}],"line":23}},"s":{"0":0,"1":0,"2":0,"3":0,"4":0,"5":0,"6":0,"7":0,"8":0,"9":0,"10":0,"11":0,"12":0,"13":0,"14":0,"15":0,"16":0,"17":0,"18":0,"19":0,"20":0,"21":0,"22":0},"f":{"0":0,"1":0,"2":0,"3":0,"4":0,"5":0,"6":0},"b":{"0":[0,0]},"hash":"50a79265fa15e5585622c5c2eb55476a7163985f"}
,"/Users/shincat/webDevelopment/jiafeimaoStore/src/components/spinner/spinner.component.js": {"path":"/Users/shincat/webDevelopment/jiafeimaoStore/src/components/spinner/spinner.component.js","statementMap":{"0":{"start":{"line":4,"column":16},"end":{"line":16,"column":1}},"1":{"start":{"line":5,"column":18},"end":{"line":7,"column":4}},"2":{"start":{"line":6,"column":4},"end":{"line":6,"column":54}},"3":{"start":{"line":9,"column":2},"end":{"line":15,"column":4}}},"fnMap":{"0":{"name":"(anonymous_0)","decl":{"start":{"line":4,"column":16},"end":{"line":4,"column":17}},"loc":{"start":{"line":4,"column":22},"end":{"line":16,"column":1}},"line":4},"1":{"name":"(anonymous_1)","decl":{"start":{"line":5,"column":36},"end":{"line":5,"column":37}},"loc":{"start":{"line":6,"column":4},"end":{"line":6,"column":54}},"line":6}},"branchMap":{},"s":{"0":0,"1":0,"2":0,"3":0},"f":{"0":0,"1":0},"b":{},"hash":"4fcaf85d8315081297f5339bfc89588b1e1eda42"}
,"/Users/shincat/webDevelopment/jiafeimaoStore/src/components/stripeButton/stripeButton.componet.js": {"path":"/Users/shincat/webDevelopment/jiafeimaoStore/src/components/stripeButton/stripeButton.componet.js","statementMap":{"0":{"start":{"line":6,"column":29},"end":{"line":45,"column":1}},"1":{"start":{"line":7,"column":25},"end":{"line":7,"column":36}},"2":{"start":{"line":8,"column":25},"end":{"line":8,"column":69}},"3":{"start":{"line":10,"column":18},"end":{"line":28,"column":3}},"4":{"start":{"line":11,"column":4},"end":{"line":27,"column":9}},"5":{"start":{"line":20,"column":8},"end":{"line":20,"column":35}},"6":{"start":{"line":23,"column":8},"end":{"line":23,"column":58}},"7":{"start":{"line":24,"column":8},"end":{"line":26,"column":10}},"8":{"start":{"line":30,"column":2},"end":{"line":44,"column":4}},"9":{"start":{"line":47,"column":0},"end":{"line":49,"column":2}}},"fnMap":{"0":{"name":"(anonymous_0)","decl":{"start":{"line":6,"column":29},"end":{"line":6,"column":30}},"loc":{"start":{"line":6,"column":44},"end":{"line":45,"column":1}},"line":6},"1":{"name":"(anonymous_1)","decl":{"start":{"line":10,"column":18},"end":{"line":10,"column":19}},"loc":{"start":{"line":10,"column":29},"end":{"line":28,"column":3}},"line":10},"2":{"name":"(anonymous_2)","decl":{"start":{"line":19,"column":12},"end":{"line":19,"column":13}},"loc":{"start":{"line":19,"column":26},"end":{"line":21,"column":7}},"line":19},"3":{"name":"(anonymous_3)","decl":{"start":{"line":22,"column":13},"end":{"line":22,"column":14}},"loc":{"start":{"line":22,"column":24},"end":{"line":27,"column":7}},"line":22}},"branchMap":{},"s":{"0":0,"1":0,"2":0,"3":0,"4":0,"5":0,"6":0,"7":0,"8":0,"9":0},"f":{"0":0,"1":0,"2":0,"3":0},"b":{},"hash":"14eea66e004f9366cfbc79f9d45289c39de6b00c"}
,"/Users/shincat/webDevelopment/jiafeimaoStore/src/components/top/top.component.js": {"path":"/Users/shincat/webDevelopment/jiafeimaoStore/src/components/top/top.component.js","statementMap":{"0":{"start":{"line":4,"column":12},"end":{"line":14,"column":1}},"1":{"start":{"line":5,"column":2},"end":{"line":13,"column":8}}},"fnMap":{"0":{"name":"(anonymous_0)","decl":{"start":{"line":4,"column":12},"end":{"line":4,"column":13}},"loc":{"start":{"line":5,"column":2},"end":{"line":13,"column":8}},"line":5}},"branchMap":{},"s":{"0":0,"1":0},"f":{"0":0},"b":{},"hash":"f8a7706644d952939738bdc5820e16d8c7c887cb"}
,"/Users/shincat/webDevelopment/jiafeimaoStore/src/firebase/firebase.utils.js": {"path":"/Users/shincat/webDevelopment/jiafeimaoStore/src/firebase/firebase.utils.js","statementMap":{"0":{"start":{"line":7,"column":15},"end":{"line":15,"column":1}},"1":{"start":{"line":17,"column":0},"end":{"line":17,"column":31}},"2":{"start":{"line":21,"column":20},"end":{"line":21,"column":35}},"3":{"start":{"line":22,"column":25},"end":{"line":22,"column":45}},"4":{"start":{"line":24,"column":46},"end":{"line":30,"column":1}},"5":{"start":{"line":25,"column":2},"end":{"line":29,"column":5}},"6":{"start":{"line":27,"column":4},"end":{"line":27,"column":26}},"7":{"start":{"line":28,"column":4},"end":{"line":28,"column":29}},"8":{"start":{"line":33,"column":17},"end":{"line":33,"column":55}},"9":{"start":{"line":34,"column":0},"end":{"line":34,"column":59}},"10":{"start":{"line":36,"column":39},"end":{"line":49,"column":1}},"11":{"start":{"line":37,"column":2},"end":{"line":48,"column":7}},"12":{"start":{"line":40,"column":20},"end":{"line":40,"column":49}},"13":{"start":{"line":41,"column":23},"end":{"line":41,"column":29}},"14":{"start":{"line":44,"column":24},"end":{"line":44,"column":32}},"15":{"start":{"line":45,"column":27},"end":{"line":45,"column":38}},"16":{"start":{"line":46,"column":6},"end":{"line":46,"column":29}},"17":{"start":{"line":47,"column":6},"end":{"line":47,"column":32}},"18":{"start":{"line":51,"column":33},"end":{"line":73,"column":1}},"19":{"start":{"line":52,"column":2},"end":{"line":54,"column":3}},"20":{"start":{"line":53,"column":4},"end":{"line":53,"column":11}},"21":{"start":{"line":55,"column":18},"end":{"line":55,"column":65}},"22":{"start":{"line":56,"column":19},"end":{"line":56,"column":38}},"23":{"start":{"line":57,"column":2},"end":{"line":71,"column":3}},"24":{"start":{"line":58,"column":35},"end":{"line":58,"column":43}},"25":{"start":{"line":59,"column":21},"end":{"line":59,"column":31}},"26":{"start":{"line":61,"column":4},"end":{"line":70,"column":5}},"27":{"start":{"line":62,"column":6},"end":{"line":67,"column":9}},"28":{"start":{"line":69,"column":6},"end":{"line":69,"column":31}},"29":{"start":{"line":72,"column":2},"end":{"line":72,"column":17}},"30":{"start":{"line":76,"column":51},"end":{"line":85,"column":1}},"31":{"start":{"line":77,"column":24},"end":{"line":77,"column":59}},"32":{"start":{"line":78,"column":16},"end":{"line":78,"column":33}},"33":{"start":{"line":79,"column":2},"end":{"line":83,"column":5}},"34":{"start":{"line":81,"column":22},"end":{"line":81,"column":41}},"35":{"start":{"line":82,"column":4},"end":{"line":82,"column":30}},"36":{"start":{"line":87,"column":40},"end":{"line":100,"column":1}},"37":{"start":{"line":88,"column":27},"end":{"line":95,"column":4}},"38":{"start":{"line":89,"column":29},"end":{"line":89,"column":39}},"39":{"start":{"line":90,"column":4},"end":{"line":94,"column":6}},"40":{"start":{"line":96,"column":2},"end":{"line":99,"column":9}},"41":{"start":{"line":97,"column":4},"end":{"line":97,"column":41}},"42":{"start":{"line":98,"column":4},"end":{"line":98,"column":15}},"43":{"start":{"line":102,"column":28},"end":{"line":116,"column":1}},"44":{"start":{"line":103,"column":24},"end":{"line":113,"column":4}},"45":{"start":{"line":106,"column":8},"end":{"line":106,"column":18}},"46":{"start":{"line":107,"column":4},"end":{"line":112,"column":6}},"47":{"start":{"line":115,"column":2},"end":{"line":115,"column":23}}},"fnMap":{"0":{"name":"(anonymous_0)","decl":{"start":{"line":24,"column":46},"end":{"line":24,"column":47}},"loc":{"start":{"line":24,"column":52},"end":{"line":30,"column":1}},"line":24},"1":{"name":"(anonymous_1)","decl":{"start":{"line":25,"column":69},"end":{"line":25,"column":70}},"loc":{"start":{"line":25,"column":78},"end":{"line":29,"column":3}},"line":25},"2":{"name":"(anonymous_2)","decl":{"start":{"line":36,"column":39},"end":{"line":36,"column":40}},"loc":{"start":{"line":36,"column":45},"end":{"line":49,"column":1}},"line":36},"3":{"name":"(anonymous_3)","decl":{"start":{"line":39,"column":10},"end":{"line":39,"column":11}},"loc":{"start":{"line":39,"column":22},"end":{"line":42,"column":5}},"line":39},"4":{"name":"(anonymous_4)","decl":{"start":{"line":43,"column":11},"end":{"line":43,"column":12}},"loc":{"start":{"line":43,"column":20},"end":{"line":48,"column":5}},"line":43},"5":{"name":"(anonymous_5)","decl":{"start":{"line":51,"column":33},"end":{"line":51,"column":34}},"loc":{"start":{"line":51,"column":69},"end":{"line":73,"column":1}},"line":51},"6":{"name":"(anonymous_6)","decl":{"start":{"line":76,"column":51},"end":{"line":76,"column":52}},"loc":{"start":{"line":76,"column":90},"end":{"line":85,"column":1}},"line":76},"7":{"name":"(anonymous_7)","decl":{"start":{"line":79,"column":23},"end":{"line":79,"column":24}},"loc":{"start":{"line":79,"column":32},"end":{"line":83,"column":3}},"line":79},"8":{"name":"(anonymous_8)","decl":{"start":{"line":87,"column":40},"end":{"line":87,"column":41}},"loc":{"start":{"line":87,"column":50},"end":{"line":100,"column":1}},"line":87},"9":{"name":"(anonymous_9)","decl":{"start":{"line":88,"column":41},"end":{"line":88,"column":42}},"loc":{"start":{"line":88,"column":50},"end":{"line":95,"column":3}},"line":88},"10":{"name":"(anonymous_10)","decl":{"start":{"line":96,"column":33},"end":{"line":96,"column":34}},"loc":{"start":{"line":96,"column":48},"end":{"line":99,"column":3}},"line":96},"11":{"name":"(anonymous_11)","decl":{"start":{"line":102,"column":28},"end":{"line":102,"column":29}},"loc":{"start":{"line":102,"column":38},"end":{"line":116,"column":1}},"line":102},"12":{"name":"(anonymous_12)","decl":{"start":{"line":103,"column":38},"end":{"line":103,"column":39}},"loc":{"start":{"line":103,"column":47},"end":{"line":113,"column":3}},"line":103}},"branchMap":{"0":{"loc":{"start":{"line":52,"column":2},"end":{"line":54,"column":3}},"type":"if","locations":[{"start":{"line":52,"column":2},"end":{"line":54,"column":3}},{"start":{"line":52,"column":2},"end":{"line":54,"column":3}}],"line":52},"1":{"loc":{"start":{"line":57,"column":2},"end":{"line":71,"column":3}},"type":"if","locations":[{"start":{"line":57,"column":2},"end":{"line":71,"column":3}},{"start":{"line":57,"column":2},"end":{"line":71,"column":3}}],"line":57}},"s":{"0":0,"1":0,"2":0,"3":0,"4":0,"5":0,"6":0,"7":0,"8":0,"9":0,"10":0,"11":0,"12":0,"13":0,"14":0,"15":0,"16":0,"17":0,"18":0,"19":0,"20":0,"21":0,"22":0,"23":0,"24":0,"25":0,"26":0,"27":0,"28":0,"29":0,"30":0,"31":0,"32":0,"33":0,"34":0,"35":0,"36":0,"37":0,"38":0,"39":0,"40":0,"41":0,"42":0,"43":0,"44":0,"45":0,"46":0,"47":0},"f":{"0":0,"1":0,"2":0,"3":0,"4":0,"5":0,"6":0,"7":0,"8":0,"9":0,"10":0,"11":0,"12":0},"b":{"0":[0,0],"1":[0,0]},"hash":"6ca1a6c0eab0bcfe887e3d730ee38133bfb0a5cd"}
,"/Users/shincat/webDevelopment/jiafeimaoStore/src/redux/root-reducer.js": {"path":"/Users/shincat/webDevelopment/jiafeimaoStore/src/redux/root-reducer.js","statementMap":{"0":{"start":{"line":12,"column":22},"end":{"line":16,"column":1}},"1":{"start":{"line":18,"column":20},"end":{"line":25,"column":2}}},"fnMap":{},"branchMap":{},"s":{"0":0,"1":0},"f":{},"b":{},"hash":"0fa24f40011268d71a782d526c9898cc0dd4ef1c"}
,"/Users/shincat/webDevelopment/jiafeimaoStore/src/redux/store.js": {"path":"/Users/shincat/webDevelopment/jiafeimaoStore/src/redux/store.js","statementMap":{"0":{"start":{"line":7,"column":19},"end":{"line":7,"column":26}},"1":{"start":{"line":8,"column":21},"end":{"line":8,"column":98}},"2":{"start":{"line":9,"column":25},"end":{"line":9,"column":44}}},"fnMap":{},"branchMap":{},"s":{"0":0,"1":0,"2":0},"f":{},"b":{},"hash":"3ca5b3ac69fd9cf0a209b8c66b29eabfe8f7f61d"}
,"/Users/shincat/webDevelopment/jiafeimaoStore/src/redux/cart/cart.action.js": {"path":"/Users/shincat/webDevelopment/jiafeimaoStore/src/redux/cart/cart.action.js","statementMap":{"0":{"start":{"line":5,"column":30},"end":{"line":7,"column":1}},"1":{"start":{"line":5,"column":36},"end":{"line":7,"column":1}},"2":{"start":{"line":6,"column":2},"end":{"line":6,"column":38}},"3":{"start":{"line":9,"column":23},"end":{"line":11,"column":1}},"4":{"start":{"line":9,"column":36},"end":{"line":11,"column":1}},"5":{"start":{"line":10,"column":2},"end":{"line":10,"column":40}},"6":{"start":{"line":13,"column":26},"end":{"line":15,"column":1}},"7":{"start":{"line":13,"column":39},"end":{"line":15,"column":1}},"8":{"start":{"line":14,"column":2},"end":{"line":14,"column":43}},"9":{"start":{"line":17,"column":33},"end":{"line":19,"column":1}},"10":{"start":{"line":17,"column":46},"end":{"line":19,"column":1}},"11":{"start":{"line":18,"column":2},"end":{"line":18,"column":52}}},"fnMap":{"0":{"name":"(anonymous_0)","decl":{"start":{"line":5,"column":30},"end":{"line":5,"column":31}},"loc":{"start":{"line":5,"column":36},"end":{"line":7,"column":1}},"line":5},"1":{"name":"(anonymous_1)","decl":{"start":{"line":5,"column":36},"end":{"line":5,"column":37}},"loc":{"start":{"line":5,"column":50},"end":{"line":7,"column":1}},"line":5},"2":{"name":"(anonymous_2)","decl":{"start":{"line":9,"column":23},"end":{"line":9,"column":24}},"loc":{"start":{"line":9,"column":36},"end":{"line":11,"column":1}},"line":9},"3":{"name":"(anonymous_3)","decl":{"start":{"line":9,"column":36},"end":{"line":9,"column":37}},"loc":{"start":{"line":9,"column":50},"end":{"line":11,"column":1}},"line":9},"4":{"name":"(anonymous_4)","decl":{"start":{"line":13,"column":26},"end":{"line":13,"column":27}},"loc":{"start":{"line":13,"column":39},"end":{"line":15,"column":1}},"line":13},"5":{"name":"(anonymous_5)","decl":{"start":{"line":13,"column":39},"end":{"line":13,"column":40}},"loc":{"start":{"line":13,"column":53},"end":{"line":15,"column":1}},"line":13},"6":{"name":"(anonymous_6)","decl":{"start":{"line":17,"column":33},"end":{"line":17,"column":34}},"loc":{"start":{"line":17,"column":46},"end":{"line":19,"column":1}},"line":17},"7":{"name":"(anonymous_7)","decl":{"start":{"line":17,"column":46},"end":{"line":17,"column":47}},"loc":{"start":{"line":17,"column":60},"end":{"line":19,"column":1}},"line":17}},"branchMap":{},"s":{"0":0,"1":0,"2":0,"3":0,"4":0,"5":0,"6":0,"7":0,"8":0,"9":0,"10":0,"11":0},"f":{"0":0,"1":0,"2":0,"3":0,"4":0,"5":0,"6":0,"7":0},"b":{},"hash":"0039c7d4d1d8c1b66ba158639d388ba22fc987e3"}
,"/Users/shincat/webDevelopment/jiafeimaoStore/src/redux/cart/cart.reducer.js": {"path":"/Users/shincat/webDevelopment/jiafeimaoStore/src/redux/cart/cart.reducer.js","statementMap":{"0":{"start":{"line":6,"column":22},"end":{"line":9,"column":1}},"1":{"start":{"line":10,"column":20},"end":{"line":38,"column":1}},"2":{"start":{"line":11,"column":28},"end":{"line":11,"column":34}},"3":{"start":{"line":12,"column":2},"end":{"line":37,"column":3}},"4":{"start":{"line":14,"column":6},"end":{"line":17,"column":8}},"5":{"start":{"line":20,"column":6},"end":{"line":23,"column":8}},"6":{"start":{"line":26,"column":6},"end":{"line":29,"column":8}},"7":{"start":{"line":28,"column":56},"end":{"line":28,"column":82}},"8":{"start":{"line":31,"column":6},"end":{"line":34,"column":8}},"9":{"start":{"line":36,"column":6},"end":{"line":36,"column":19}}},"fnMap":{"0":{"name":"(anonymous_0)","decl":{"start":{"line":10,"column":20},"end":{"line":10,"column":21}},"loc":{"start":{"line":10,"column":55},"end":{"line":38,"column":1}},"line":10},"1":{"name":"(anonymous_1)","decl":{"start":{"line":28,"column":42},"end":{"line":28,"column":43}},"loc":{"start":{"line":28,"column":56},"end":{"line":28,"column":82}},"line":28}},"branchMap":{"0":{"loc":{"start":{"line":10,"column":21},"end":{"line":10,"column":42}},"type":"default-arg","locations":[{"start":{"line":10,"column":29},"end":{"line":10,"column":42}}],"line":10},"1":{"loc":{"start":{"line":12,"column":2},"end":{"line":37,"column":3}},"type":"switch","locations":[{"start":{"line":13,"column":4},"end":{"line":18,"column":5}},{"start":{"line":19,"column":4},"end":{"line":24,"column":5}},{"start":{"line":25,"column":4},"end":{"line":29,"column":8}},{"start":{"line":30,"column":4},"end":{"line":34,"column":8}},{"start":{"line":35,"column":4},"end":{"line":36,"column":19}}],"line":12}},"s":{"0":0,"1":0,"2":0,"3":0,"4":0,"5":0,"6":0,"7":0,"8":0,"9":0},"f":{"0":0,"1":0},"b":{"0":[0],"1":[0,0,0,0,0]},"hash":"fe5267734fe43f6d2ea234b1b76c51a21854653a"}
,"/Users/shincat/webDevelopment/jiafeimaoStore/src/redux/cart/cart.selectors.js": {"path":"/Users/shincat/webDevelopment/jiafeimaoStore/src/redux/cart/cart.selectors.js","statementMap":{"0":{"start":{"line":4,"column":19},"end":{"line":4,"column":40}},"1":{"start":{"line":4,"column":30},"end":{"line":4,"column":40}},"2":{"start":{"line":5,"column":31},"end":{"line":8,"column":1}},"3":{"start":{"line":7,"column":12},"end":{"line":7,"column":26}},"4":{"start":{"line":10,"column":34},"end":{"line":13,"column":1}},"5":{"start":{"line":12,"column":12},"end":{"line":12,"column":29}},"6":{"start":{"line":15,"column":36},"end":{"line":18,"column":1}},"7":{"start":{"line":17,"column":17},"end":{"line":17,"column":80}},"8":{"start":{"line":17,"column":53},"end":{"line":17,"column":76}},"9":{"start":{"line":20,"column":31},"end":{"line":23,"column":1}},"10":{"start":{"line":22,"column":17},"end":{"line":22,"column":97}},"11":{"start":{"line":22,"column":53},"end":{"line":22,"column":93}}},"fnMap":{"0":{"name":"(anonymous_0)","decl":{"start":{"line":4,"column":19},"end":{"line":4,"column":20}},"loc":{"start":{"line":4,"column":30},"end":{"line":4,"column":40}},"line":4},"1":{"name":"(anonymous_1)","decl":{"start":{"line":7,"column":2},"end":{"line":7,"column":3}},"loc":{"start":{"line":7,"column":12},"end":{"line":7,"column":26}},"line":7},"2":{"name":"(anonymous_2)","decl":{"start":{"line":12,"column":2},"end":{"line":12,"column":3}},"loc":{"start":{"line":12,"column":12},"end":{"line":12,"column":29}},"line":12},"3":{"name":"(anonymous_3)","decl":{"start":{"line":17,"column":2},"end":{"line":17,"column":3}},"loc":{"start":{"line":17,"column":17},"end":{"line":17,"column":80}},"line":17},"4":{"name":"(anonymous_4)","decl":{"start":{"line":17,"column":34},"end":{"line":17,"column":35}},"loc":{"start":{"line":17,"column":53},"end":{"line":17,"column":76}},"line":17},"5":{"name":"(anonymous_5)","decl":{"start":{"line":22,"column":2},"end":{"line":22,"column":3}},"loc":{"start":{"line":22,"column":17},"end":{"line":22,"column":97}},"line":22},"6":{"name":"(anonymous_6)","decl":{"start":{"line":22,"column":34},"end":{"line":22,"column":35}},"loc":{"start":{"line":22,"column":53},"end":{"line":22,"column":93}},"line":22}},"branchMap":{},"s":{"0":0,"1":0,"2":0,"3":0,"4":0,"5":0,"6":0,"7":0,"8":0,"9":0,"10":0,"11":0},"f":{"0":0,"1":0,"2":0,"3":0,"4":0,"5":0,"6":0},"b":{},"hash":"58b0b7f97caed61979c8ee32cd7166fb36ea26ca"}
,"/Users/shincat/webDevelopment/jiafeimaoStore/src/redux/cart/cart.types.js": {"path":"/Users/shincat/webDevelopment/jiafeimaoStore/src/redux/cart/cart.types.js","statementMap":{"0":{"start":{"line":1,"column":31},"end":{"line":1,"column":48}},"1":{"start":{"line":2,"column":24},"end":{"line":2,"column":34}},"2":{"start":{"line":3,"column":27},"end":{"line":3,"column":40}},"3":{"start":{"line":4,"column":36},"end":{"line":4,"column":58}}},"fnMap":{},"branchMap":{},"s":{"0":0,"1":0,"2":0,"3":0},"f":{},"b":{},"hash":"0ec463d7a002f2815d8c541c8c4ebbbbfefae8ed"}
,"/Users/shincat/webDevelopment/jiafeimaoStore/src/redux/donation/donation.actions.js": {"path":"/Users/shincat/webDevelopment/jiafeimaoStore/src/redux/donation/donation.actions.js","statementMap":{"0":{"start":{"line":3,"column":34},"end":{"line":5,"column":1}},"1":{"start":{"line":3,"column":47},"end":{"line":5,"column":1}},"2":{"start":{"line":4,"column":2},"end":{"line":4,"column":52}}},"fnMap":{"0":{"name":"(anonymous_0)","decl":{"start":{"line":3,"column":34},"end":{"line":3,"column":35}},"loc":{"start":{"line":3,"column":47},"end":{"line":5,"column":1}},"line":3},"1":{"name":"(anonymous_1)","decl":{"start":{"line":3,"column":47},"end":{"line":3,"column":48}},"loc":{"start":{"line":3,"column":61},"end":{"line":5,"column":1}},"line":3}},"branchMap":{},"s":{"0":0,"1":0,"2":0},"f":{"0":0,"1":0},"b":{},"hash":"510f8081f66c1c96c238d3be45b979cdbe702726"}
,"/Users/shincat/webDevelopment/jiafeimaoStore/src/redux/donation/donation.reducer.js": {"path":"/Users/shincat/webDevelopment/jiafeimaoStore/src/redux/donation/donation.reducer.js","statementMap":{"0":{"start":{"line":3,"column":22},"end":{"line":5,"column":1}},"1":{"start":{"line":6,"column":24},"end":{"line":17,"column":1}},"2":{"start":{"line":7,"column":28},"end":{"line":7,"column":34}},"3":{"start":{"line":8,"column":2},"end":{"line":16,"column":3}},"4":{"start":{"line":10,"column":6},"end":{"line":13,"column":8}},"5":{"start":{"line":15,"column":6},"end":{"line":15,"column":19}}},"fnMap":{"0":{"name":"(anonymous_0)","decl":{"start":{"line":6,"column":24},"end":{"line":6,"column":25}},"loc":{"start":{"line":6,"column":59},"end":{"line":17,"column":1}},"line":6}},"branchMap":{"0":{"loc":{"start":{"line":6,"column":25},"end":{"line":6,"column":46}},"type":"default-arg","locations":[{"start":{"line":6,"column":33},"end":{"line":6,"column":46}}],"line":6},"1":{"loc":{"start":{"line":8,"column":2},"end":{"line":16,"column":3}},"type":"switch","locations":[{"start":{"line":9,"column":4},"end":{"line":13,"column":8}},{"start":{"line":14,"column":4},"end":{"line":15,"column":19}}],"line":8}},"s":{"0":0,"1":0,"2":0,"3":0,"4":0,"5":0},"f":{"0":0},"b":{"0":[0],"1":[0,0]},"hash":"7145c7bf9b76499655f6b5ad74fc5212b8f99ebd"}
,"/Users/shincat/webDevelopment/jiafeimaoStore/src/redux/donation/donation.selectors.js": {"path":"/Users/shincat/webDevelopment/jiafeimaoStore/src/redux/donation/donation.selectors.js","statementMap":{"0":{"start":{"line":3,"column":23},"end":{"line":3,"column":48}},"1":{"start":{"line":3,"column":34},"end":{"line":3,"column":48}},"2":{"start":{"line":5,"column":31},"end":{"line":8,"column":1}},"3":{"start":{"line":7,"column":16},"end":{"line":7,"column":29}}},"fnMap":{"0":{"name":"(anonymous_0)","decl":{"start":{"line":3,"column":23},"end":{"line":3,"column":24}},"loc":{"start":{"line":3,"column":34},"end":{"line":3,"column":48}},"line":3},"1":{"name":"(anonymous_1)","decl":{"start":{"line":7,"column":2},"end":{"line":7,"column":3}},"loc":{"start":{"line":7,"column":16},"end":{"line":7,"column":29}},"line":7}},"branchMap":{},"s":{"0":0,"1":0,"2":0,"3":0},"f":{"0":0,"1":0},"b":{},"hash":"8ccaf88639667a2c31dd869482324de3b59a5962"}
,"/Users/shincat/webDevelopment/jiafeimaoStore/src/redux/donation/donation.types.js": {"path":"/Users/shincat/webDevelopment/jiafeimaoStore/src/redux/donation/donation.types.js","statementMap":{"0":{"start":{"line":1,"column":36},"end":{"line":1,"column":58}}},"fnMap":{},"branchMap":{},"s":{"0":0},"f":{},"b":{},"hash":"bbcbd04031535a1c64684e785bf6ea179f15c2c7"}
,"/Users/shincat/webDevelopment/jiafeimaoStore/src/redux/landing/landing.reducer.js": {"path":"/Users/shincat/webDevelopment/jiafeimaoStore/src/redux/landing/landing.reducer.js","statementMap":{"0":{"start":{"line":3,"column":22},"end":{"line":5,"column":1}},"1":{"start":{"line":7,"column":23},"end":{"line":13,"column":1}},"2":{"start":{"line":8,"column":28},"end":{"line":8,"column":34}},"3":{"start":{"line":9,"column":2},"end":{"line":12,"column":3}},"4":{"start":{"line":11,"column":6},"end":{"line":11,"column":19}}},"fnMap":{"0":{"name":"(anonymous_0)","decl":{"start":{"line":7,"column":23},"end":{"line":7,"column":24}},"loc":{"start":{"line":7,"column":58},"end":{"line":13,"column":1}},"line":7}},"branchMap":{"0":{"loc":{"start":{"line":7,"column":24},"end":{"line":7,"column":45}},"type":"default-arg","locations":[{"start":{"line":7,"column":32},"end":{"line":7,"column":45}}],"line":7},"1":{"loc":{"start":{"line":9,"column":2},"end":{"line":12,"column":3}},"type":"switch","locations":[{"start":{"line":10,"column":4},"end":{"line":11,"column":19}}],"line":9}},"s":{"0":0,"1":0,"2":0,"3":0,"4":0},"f":{"0":0},"b":{"0":[0],"1":[0]},"hash":"b76ca07aaf3e7844e6f5d5792abdae529b825be5"}
,"/Users/shincat/webDevelopment/jiafeimaoStore/src/redux/landing/landing.selector.js": {"path":"/Users/shincat/webDevelopment/jiafeimaoStore/src/redux/landing/landing.selector.js","statementMap":{"0":{"start":{"line":3,"column":22},"end":{"line":3,"column":46}},"1":{"start":{"line":3,"column":33},"end":{"line":3,"column":46}},"2":{"start":{"line":5,"column":33},"end":{"line":8,"column":1}},"3":{"start":{"line":7,"column":15},"end":{"line":7,"column":34}}},"fnMap":{"0":{"name":"(anonymous_0)","decl":{"start":{"line":3,"column":22},"end":{"line":3,"column":23}},"loc":{"start":{"line":3,"column":33},"end":{"line":3,"column":46}},"line":3},"1":{"name":"(anonymous_1)","decl":{"start":{"line":7,"column":2},"end":{"line":7,"column":3}},"loc":{"start":{"line":7,"column":15},"end":{"line":7,"column":34}},"line":7}},"branchMap":{},"s":{"0":0,"1":0,"2":0,"3":0},"f":{"0":0,"1":0},"b":{},"hash":"f51d0c27bd8a93aa2c97b551806c90ca4854f9f2"}
,"/Users/shincat/webDevelopment/jiafeimaoStore/src/redux/landing/pageAssetsData.js": {"path":"/Users/shincat/webDevelopment/jiafeimaoStore/src/redux/landing/pageAssetsData.js","statementMap":{"0":{"start":{"line":1,"column":25},"end":{"line":18,"column":1}}},"fnMap":{},"branchMap":{},"s":{"0":0},"f":{},"b":{},"hash":"585e5667b585e6aed84ab08656317b5314928dfc"}
,"/Users/shincat/webDevelopment/jiafeimaoStore/src/redux/modal/modal.action.js": {"path":"/Users/shincat/webDevelopment/jiafeimaoStore/src/redux/modal/modal.action.js","statementMap":{"0":{"start":{"line":3,"column":33},"end":{"line":5,"column":1}},"1":{"start":{"line":3,"column":52},"end":{"line":5,"column":1}},"2":{"start":{"line":4,"column":2},"end":{"line":4,"column":70}},"3":{"start":{"line":7,"column":32},"end":{"line":9,"column":1}},"4":{"start":{"line":7,"column":38},"end":{"line":9,"column":1}},"5":{"start":{"line":8,"column":2},"end":{"line":8,"column":41}}},"fnMap":{"0":{"name":"(anonymous_0)","decl":{"start":{"line":3,"column":33},"end":{"line":3,"column":34}},"loc":{"start":{"line":3,"column":52},"end":{"line":5,"column":1}},"line":3},"1":{"name":"(anonymous_1)","decl":{"start":{"line":3,"column":52},"end":{"line":3,"column":53}},"loc":{"start":{"line":3,"column":66},"end":{"line":5,"column":1}},"line":3},"2":{"name":"(anonymous_2)","decl":{"start":{"line":7,"column":32},"end":{"line":7,"column":33}},"loc":{"start":{"line":7,"column":38},"end":{"line":9,"column":1}},"line":7},"3":{"name":"(anonymous_3)","decl":{"start":{"line":7,"column":38},"end":{"line":7,"column":39}},"loc":{"start":{"line":7,"column":52},"end":{"line":9,"column":1}},"line":7}},"branchMap":{},"s":{"0":0,"1":0,"2":0,"3":0,"4":0,"5":0},"f":{"0":0,"1":0,"2":0,"3":0},"b":{},"hash":"d8c0b59908052b5b704561eaea02ec48a639fc27"}
,"/Users/shincat/webDevelopment/jiafeimaoStore/src/redux/modal/modal.reducer.js": {"path":"/Users/shincat/webDevelopment/jiafeimaoStore/src/redux/modal/modal.reducer.js","statementMap":{"0":{"start":{"line":3,"column":22},"end":{"line":7,"column":1}},"1":{"start":{"line":9,"column":21},"end":{"line":29,"column":1}},"2":{"start":{"line":10,"column":28},"end":{"line":10,"column":34}},"3":{"start":{"line":11,"column":2},"end":{"line":28,"column":3}},"4":{"start":{"line":13,"column":6},"end":{"line":18,"column":8}},"5":{"start":{"line":20,"column":6},"end":{"line":25,"column":8}},"6":{"start":{"line":27,"column":6},"end":{"line":27,"column":19}}},"fnMap":{"0":{"name":"(anonymous_0)","decl":{"start":{"line":9,"column":21},"end":{"line":9,"column":22}},"loc":{"start":{"line":9,"column":56},"end":{"line":29,"column":1}},"line":9}},"branchMap":{"0":{"loc":{"start":{"line":9,"column":22},"end":{"line":9,"column":43}},"type":"default-arg","locations":[{"start":{"line":9,"column":30},"end":{"line":9,"column":43}}],"line":9},"1":{"loc":{"start":{"line":11,"column":2},"end":{"line":28,"column":3}},"type":"switch","locations":[{"start":{"line":12,"column":4},"end":{"line":18,"column":8}},{"start":{"line":19,"column":4},"end":{"line":25,"column":8}},{"start":{"line":26,"column":4},"end":{"line":27,"column":19}}],"line":11}},"s":{"0":0,"1":0,"2":0,"3":0,"4":0,"5":0,"6":0},"f":{"0":0},"b":{"0":[0],"1":[0,0,0]},"hash":"4cedd75142be67c12157193dfa61f1803a44d0de"}
[...]
,"/Users/shincat/webDevelopment/jiafeimaoStore/src/redux/myShop/myShop.selectors.js": {"path":"/Users/shincat/webDevelopment/jiafeimaoStore/src/redux/myShop/myShop.selectors.js","statementMap":{"0":{"start":{"line":3,"column":21},"end":{"line":3,"column":44}},"1":{"start":{"line":3,"column":32},"end":{"line":3,"column":44}},"2":{"start":{"line":5,"column":32},"end":{"line":8,"column":1}},"3":{"start":{"line":7,"column":14},"end":{"line":7,"column":31}},"4":{"start":{"line":10,"column":35},"end":{"line":13,"column":1}},"5":{"start":{"line":12,"column":18},"end":{"line":12,"column":71}},"6":{"start":{"line":12,"column":55},"end":{"line":12,"column":70}}},"fnMap":{"0":{"name":"(anonymous_0)","decl":{"start":{"line":3,"column":21},"end":{"line":3,"column":22}},"loc":{"start":{"line":3,"column":32},"end":{"line":3,"column":44}},"line":3},"1":{"name":"(anonymous_1)","decl":{"start":{"line":7,"column":2},"end":{"line":7,"column":3}},"loc":{"start":{"line":7,"column":14},"end":{"line":7,"column":31}},"line":7},"2":{"name":"(anonymous_2)","decl":{"start":{"line":12,"column":2},"end":{"line":12,"column":3}},"loc":{"start":{"line":12,"column":18},"end":{"line":12,"column":71}},"line":12},"3":{"name":"(anonymous_3)","decl":{"start":{"line":12,"column":46},"end":{"line":12,"column":47}},"loc":{"start":{"line":12,"column":55},"end":{"line":12,"column":70}},"line":12}},"branchMap":{},"s":{"0":0,"1":0,"2":0,"3":0,"4":0,"5":0,"6":0},"f":{"0":0,"1":0,"2":0,"3":0},"b":{},"hash":"8047f1adc1619e590f5fc88a16180852c677f3a7"}
,"/Users/shincat/webDevelopment/jiafeimaoStore/src/redux/myShop/myShop.types.js": {"path":"/Users/shincat/webDevelopment/jiafeimaoStore/src/redux/myShop/myShop.types.js","statementMap":{"0":{"start":{"line":1,"column":32},"end":{"line":1,"column":50}}},"fnMap":{},"branchMap":{},"s":{"0":0},"f":{},"b":{},"hash":"7de3f51ac6b213030897f3e440f0d9c35e6122ad"}
,"/Users/shincat/webDevelopment/jiafeimaoStore/src/redux/user/user.action.js": {"path":"/Users/shincat/webDevelopment/jiafeimaoStore/src/redux/user/user.action.js","statementMap":{"0":{"start":{"line":3,"column":28},"end":{"line":5,"column":1}},"1":{"start":{"line":3,"column":41},"end":{"line":5,"column":1}},"2":{"start":{"line":4,"column":2},"end":{"line":4,"column":46}}},"fnMap":{"0":{"name":"(anonymous_0)","decl":{"start":{"line":3,"column":28},"end":{"line":3,"column":29}},"loc":{"start":{"line":3,"column":41},"end":{"line":5,"column":1}},"line":3},"1":{"name":"(anonymous_1)","decl":{"start":{"line":3,"column":41},"end":{"line":3,"column":42}},"loc":{"start":{"line":3,"column":55},"end":{"line":5,"column":1}},"line":3}},"branchMap":{},"s":{"0":0,"1":0,"2":0},"f":{"0":0,"1":0},"b":{},"hash":"a5789ec88c6129663307f4e222f7b5a5f5403337"}
,"/Users/shincat/webDevelopment/jiafeimaoStore/src/redux/user/user.reducer.js": {"path":"/Users/shincat/webDevelopment/jiafeimaoStore/src/redux/user/user.reducer.js","statementMap":{"0":{"start":{"line":3,"column":22},"end":{"line":6,"column":1}},"1":{"start":{"line":8,"column":20},"end":{"line":19,"column":1}},"2":{"start":{"line":9,"column":28},"end":{"line":9,"column":34}},"3":{"start":{"line":10,"column":2},"end":{"line":18,"column":3}},"4":{"start":{"line":12,"column":6},"end":{"line":15,"column":8}},"5":{"start":{"line":17,"column":6},"end":{"line":17,"column":19}}},"fnMap":{"0":{"name":"(anonymous_0)","decl":{"start":{"line":8,"column":20},"end":{"line":8,"column":21}},"loc":{"start":{"line":8,"column":55},"end":{"line":19,"column":1}},"line":8}},"branchMap":{"0":{"loc":{"start":{"line":8,"column":21},"end":{"line":8,"column":42}},"type":"default-arg","locations":[{"start":{"line":8,"column":29},"end":{"line":8,"column":42}}],"line":8},"1":{"loc":{"start":{"line":10,"column":2},"end":{"line":18,"column":3}},"type":"switch","locations":[{"start":{"line":11,"column":4},"end":{"line":15,"column":8}},{"start":{"line":16,"column":4},"end":{"line":17,"column":19}}],"line":10}},"s":{"0":0,"1":0,"2":0,"3":0,"4":0,"5":0},"f":{"0":0},"b":{"0":[0],"1":[0,0]},"hash":"b8b48bfcfd8b02aa384900bb8495c125a66a884b"}
,"/Users/shincat/webDevelopment/jiafeimaoStore/src/redux/user/user.selectors.js": {"path":"/Users/shincat/webDevelopment/jiafeimaoStore/src/redux/user/user.selectors.js","statementMap":{"0":{"start":{"line":3,"column":26},"end":{"line":3,"column":47}},"1":{"start":{"line":3,"column":37},"end":{"line":3,"column":47}},"2":{"start":{"line":5,"column":26},"end":{"line":8,"column":1}},"3":{"start":{"line":7,"column":12},"end":{"line":7,"column":21}}},"fnMap":{"0":{"name":"(anonymous_0)","decl":{"start":{"line":3,"column":26},"end":{"line":3,"column":27}},"loc":{"start":{"line":3,"column":37},"end":{"line":3,"column":47}},"line":3},"1":{"name":"(anonymous_1)","decl":{"start":{"line":7,"column":2},"end":{"line":7,"column":3}},"loc":{"start":{"line":7,"column":12},"end":{"line":7,"column":21}},"line":7}},"branchMap":{},"s":{"0":0,"1":0,"2":0,"3":0},"f":{"0":0,"1":0},"b":{},"hash":"81cd203def81be972fb5d6611173ccb81ae2f0c2"}
,"/Users/shincat/webDevelopment/jiafeimaoStore/src/redux/user/user.types.js": {"path":"/Users/shincat/webDevelopment/jiafeimaoStore/src/redux/user/user.types.js","statementMap":{"0":{"start":{"line":1,"column":30},"end":{"line":1,"column":46}},"1":{"start":{"line":2,"column":31},"end":{"line":2,"column":48}}},"fnMap":{},"branchMap":{},"s":{"0":0,"1":0},"f":{},"b":{},"hash":"ac9f29d57fb2b997a8e47c4acbef3d117ca27adc"}
,"/Users/shincat/webDevelopment/jiafeimaoStore/src/server/server-dev.js": {"path":"/Users/shincat/webDevelopment/jiafeimaoStore/src/server/server-dev.js","statementMap":{"0":{"start":{"line":7,"column":21},"end":{"line":7,"column":56}},"1":{"start":{"line":9,"column":0},"end":{"line":9,"column":70}},"2":{"start":{"line":9,"column":43},"end":{"line":9,"column":70}},"3":{"start":{"line":11,"column":15},"end":{"line":11,"column":63}},"4":{"start":{"line":13,"column":16},"end":{"line":13,"column":34}},"5":{"start":{"line":14,"column":13},"end":{"line":14,"column":28}},"6":{"start":{"line":16,"column":12},"end":{"line":16,"column":21}},"7":{"start":{"line":17,"column":0},"end":{"line":17,"column":16}},"8":{"start":{"line":18,"column":0},"end":{"line":18,"column":24}},"9":{"start":{"line":19,"column":0},"end":{"line":19,"column":49}},"10":{"start":{"line":20,"column":0},"end":{"line":24,"column":2}},"11":{"start":{"line":26,"column":18},"end":{"line":26,"column":60}},"12":{"start":{"line":27,"column":17},"end":{"line":27,"column":35}},"13":{"start":{"line":29,"column":0},"end":{"line":33,"column":2}},"14":{"start":{"line":35,"column":0},"end":{"line":35,"column":40}},"15":{"start":{"line":37,"column":0},"end":{"line":46,"column":3}},"16":{"start":{"line":38,"column":2},"end":{"line":45,"column":5}},"17":{"start":{"line":39,"column":4},"end":{"line":41,"column":5}},"18":{"start":{"line":40,"column":6},"end":{"line":40,"column":23}},"19":{"start":{"line":42,"column":4},"end":{"line":42,"column":41}},"20":{"start":{"line":43,"column":4},"end":{"line":43,"column":21}},"21":{"start":{"line":44,"column":4},"end":{"line":44,"column":14}},"22":{"start":{"line":48,"column":13},"end":{"line":48,"column":37}},"23":{"start":{"line":50,"column":0},"end":{"line":54,"column":3}},"24":{"start":{"line":51,"column":2},"end":{"line":51,"column":21}},"25":{"start":{"line":51,"column":11},"end":{"line":51,"column":21}},"26":{"start":{"line":52,"column":2},"end":{"line":52,"column":46}},"27":{"start":{"line":53,"column":2},"end":{"line":53,"column":39}},"28":{"start":{"line":58,"column":0},"end":{"line":72,"column":3}},"29":{"start":{"line":59,"column":15},"end":{"line":63,"column":3}},"30":{"start":{"line":65,"column":2},"end":{"line":71,"column":5}},"31":{"start":{"line":66,"column":4},"end":{"line":70,"column":5}},"32":{"start":{"line":67,"column":6},"end":{"line":67,"column":49}},"33":{"start":{"line":69,"column":6},"end":{"line":69,"column":51}}},"fnMap":{"0":{"name":"(anonymous_0)","decl":{"start":{"line":37,"column":13},"end":{"line":37,"column":14}},"loc":{"start":{"line":37,"column":33},"end":{"line":46,"column":1}},"line":37},"1":{"name":"(anonymous_1)","decl":{"start":{"line":38,"column":48},"end":{"line":38,"column":49}},"loc":{"start":{"line":38,"column":65},"end":{"line":45,"column":3}},"line":38},"2":{"name":"(anonymous_2)","decl":{"start":{"line":50,"column":17},"end":{"line":50,"column":18}},"loc":{"start":{"line":50,"column":26},"end":{"line":54,"column":1}},"line":50},"3":{"name":"(anonymous_3)","decl":{"start":{"line":58,"column":21},"end":{"line":58,"column":22}},"loc":{"start":{"line":58,"column":35},"end":{"line":72,"column":1}},"line":58},"4":{"name":"(anonymous_4)","decl":{"start":{"line":65,"column":30},"end":{"line":65,"column":31}},"loc":{"start":{"line":65,"column":56},"end":{"line":71,"column":3}},"line":65}},"branchMap":{"0":{"loc":{"start":{"line":9,"column":0},"end":{"line":9,"column":70}},"type":"if","locations":[{"start":{"line":9,"column":0},"end":{"line":9,"column":70}},{"start":{"line":9,"column":0},"end":{"line":9,"column":70}}],"line":9},"1":{"loc":{"start":{"line":39,"column":4},"end":{"line":41,"column":5}},"type":"if","locations":[{"start":{"line":39,"column":4},"end":{"line":41,"column":5}},{"start":{"line":39,"column":4},"end":{"line":41,"column":5}}],"line":39},"2":{"loc":{"start":{"line":48,"column":13},"end":{"line":48,"column":37}},"type":"binary-expr","locations":[{"start":{"line":48,"column":13},"end":{"line":48,"column":29}},{"start":{"line":48,"column":33},"end":{"line":48,"column":37}}],"line":48},"3":{"loc":{"start":{"line":51,"column":2},"end":{"line":51,"column":21}},"type":"if","locations":[{"start":{"line":51,"column":2},"end":{"line":51,"column":21}},{"start":{"line":51,"column":2},"end":{"line":51,"column":21}}],"line":51},"4":{"loc":{"start":{"line":66,"column":4},"end":{"line":70,"column":5}},"type":"if","locations":[{"start":{"line":66,"column":4},"end":{"line":70,"column":5}},{"start":{"line":66,"column":4},"end":{"line":70,"column":5}}],"line":66}},"s":{"0":0,"1":0,"2":0,"3":0,"4":0,"5":0,"6":0,"7":0,"8":0,"9":0,"10":0,"11":0,"12":0,"13":0,"14":0,"15":0,"16":0,"17":0,"18":0,"19":0,"20":0,"21":0,"22":0,"23":0,"24":0,"25":0,"26":0,"27":0,"28":0,"29":0,"30":0,"31":0,"32":0,"33":0},"f":{"0":0,"1":0,"2":0,"3":0,"4":0},"b":{"0":[0,0],"1":[0,0],"2":[0,0],"3":[0,0],"4":[0,0]},"hash":"5413a29c47444deb4651bfe45bb4b93f1bdb422c"}
,"/Users/shincat/webDevelopment/jiafeimaoStore/src/server/server-prod.js": {"path":"/Users/shincat/webDevelopment/jiafeimaoStore/src/server/server-prod.js","statementMap":{"0":{"start":{"line":1,"column":13},"end":{"line":1,"column":28}},"1":{"start":{"line":2,"column":16},"end":{"line":2,"column":34}},"2":{"start":{"line":3,"column":13},"end":{"line":3,"column":28}},"3":{"start":{"line":4,"column":21},"end":{"line":4,"column":56}},"4":{"start":{"line":5,"column":20},"end":{"line":5,"column":42}},"5":{"start":{"line":6,"column":0},"end":{"line":6,"column":27}},"6":{"start":{"line":8,"column":12},"end":{"line":8,"column":21}},"7":{"start":{"line":9,"column":17},"end":{"line":9,"column":26}},"8":{"start":{"line":10,"column":18},"end":{"line":10,"column":51}},"9":{"start":{"line":12,"column":0},"end":{"line":12,"column":16}},"10":{"start":{"line":15,"column":0},"end":{"line":15,"column":23}},"11":{"start":{"line":17,"column":0},"end":{"line":17,"column":34}},"12":{"start":{"line":20,"column":0},"end":{"line":24,"column":2}},"13":{"start":{"line":27,"column":0},"end":{"line":30,"column":3}},"14":{"start":{"line":28,"column":2},"end":{"line":28,"column":25}},"15":{"start":{"line":29,"column":2},"end":{"line":29,"column":41}},"16":{"start":{"line":32,"column":0},"end":{"line":32,"column":24}},"17":{"start":{"line":33,"column":0},"end":{"line":33,"column":49}},"18":{"start":{"line":34,"column":0},"end":{"line":36,"column":3}},"19":{"start":{"line":35,"column":2},"end":{"line":35,"column":26}},"20":{"start":{"line":37,"column":13},"end":{"line":37,"column":37}},"21":{"start":{"line":38,"column":0},"end":{"line":42,"column":3}},"22":{"start":{"line":39,"column":2},"end":{"line":39,"column":21}},"23":{"start":{"line":39,"column":11},"end":{"line":39,"column":21}},"24":{"start":{"line":40,"column":2},"end":{"line":40,"column":46}},"25":{"start":{"line":41,"column":2},"end":{"line":41,"column":39}},"26":{"start":{"line":44,"column":15},"end":{"line":44,"column":63}},"27":{"start":{"line":46,"column":0},"end":{"line":60,"column":3}},"28":{"start":{"line":47,"column":15},"end":{"line":51,"column":3}},"29":{"start":{"line":53,"column":2},"end":{"line":59,"column":5}},"30":{"start":{"line":54,"column":4},"end":{"line":58,"column":5}},"31":{"start":{"line":55,"column":6},"end":{"line":55,"column":49}},"32":{"start":{"line":57,"column":6},"end":{"line":57,"column":51}}},"fnMap":{"0":{"name":"(anonymous_0)","decl":{"start":{"line":27,"column":23},"end":{"line":27,"column":24}},"loc":{"start":{"line":27,"column":37},"end":{"line":30,"column":1}},"line":27},"1":{"name":"(anonymous_1)","decl":{"start":{"line":34,"column":13},"end":{"line":34,"column":14}},"loc":{"start":{"line":34,"column":27},"end":{"line":36,"column":1}},"line":34},"2":{"name":"(anonymous_2)","decl":{"start":{"line":38,"column":17},"end":{"line":38,"column":18}},"loc":{"start":{"line":38,"column":26},"end":{"line":42,"column":1}},"line":38},"3":{"name":"(anonymous_3)","decl":{"start":{"line":46,"column":21},"end":{"line":46,"column":22}},"loc":{"start":{"line":46,"column":35},"end":{"line":60,"column":1}},"line":46},"4":{"name":"(anonymous_4)","decl":{"start":{"line":53,"column":30},"end":{"line":53,"column":31}},"loc":{"start":{"line":53,"column":56},"end":{"line":59,"column":3}},"line":53}},"branchMap":{"0":{"loc":{"start":{"line":37,"column":13},"end":{"line":37,"column":37}},"type":"binary-expr","locations":[{"start":{"line":37,"column":13},"end":{"line":37,"column":29}},{"start":{"line":37,"column":33},"end":{"line":37,"column":37}}],"line":37},"1":{"loc":{"start":{"line":39,"column":2},"end":{"line":39,"column":21}},"type":"if","locations":[{"start":{"line":39,"column":2},"end":{"line":39,"column":21}},{"start":{"line":39,"column":2},"end":{"line":39,"column":21}}],"line":39},"2":{"loc":{"start":{"line":54,"column":4},"end":{"line":58,"column":5}},"type":"if","locations":[{"start":{"line":54,"column":4},"end":{"line":58,"column":5}},{"start":{"line":54,"column":4},"end":{"line":58,"column":5}}],"line":54}},"s":{"0":0,"1":0,"2":0,"3":0,"4":0,"5":0,"6":0,"7":0,"8":0,"9":0,"10":0,"11":0,"12":0,"13":0,"14":0,"15":0,"16":0,"17":0,"18":0,"19":0,"20":0,"21":0,"22":0,"23":0,"24":0,"25":0,"26":0,"27":0,"28":0,"29":0,"30":0,"31":0,"32":0},"f":{"0":0,"1":0,"2":0,"3":0,"4":0},"b":{"0":[0,0],"1":[0,0],"2":[0,0]},"hash":"21559db9cd99169d8764873b9a328006c8d6c882"}
,"/Users/shincat/webDevelopment/jiafeimaoStore/src/utils/cart.utils.js": {"path":"/Users/shincat/webDevelopment/jiafeimaoStore/src/utils/cart.utils.js","statementMap":{"0":{"start":{"line":1,"column":29},"end":{"line":12,"column":1}},"1":{"start":{"line":2,"column":27},"end":{"line":2,"column":89}},"2":{"start":{"line":2,"column":56},"end":{"line":2,"column":88}},"3":{"start":{"line":4,"column":2},"end":{"line":9,"column":3}},"4":{"start":{"line":5,"column":4},"end":{"line":8,"column":21}},"5":{"start":{"line":6,"column":6},"end":{"line":8,"column":18}},"6":{"start":{"line":11,"column":2},"end":{"line":11,"column":59}},"7":{"start":{"line":14,"column":34},"end":{"line":26,"column":1}},"8":{"start":{"line":15,"column":27},"end":{"line":15,"column":92}},"9":{"start":{"line":15,"column":56},"end":{"line":15,"column":91}},"10":{"start":{"line":17,"column":2},"end":{"line":19,"column":3}},"11":{"start":{"line":18,"column":4},"end":{"line":18,"column":79}},"12":{"start":{"line":18,"column":42},"end":{"line":18,"column":77}},"13":{"start":{"line":20,"column":2},"end":{"line":25,"column":17}},"14":{"start":{"line":20,"column":38},"end":{"line":25,"column":14}}},"fnMap":{"0":{"name":"(anonymous_0)","decl":{"start":{"line":1,"column":29},"end":{"line":1,"column":30}},"loc":{"start":{"line":1,"column":59},"end":{"line":12,"column":1}},"line":1},"1":{"name":"(anonymous_1)","decl":{"start":{"line":2,"column":42},"end":{"line":2,"column":43}},"loc":{"start":{"line":2,"column":56},"end":{"line":2,"column":88}},"line":2},"2":{"name":"(anonymous_2)","decl":{"start":{"line":5,"column":25},"end":{"line":5,"column":26}},"loc":{"start":{"line":6,"column":6},"end":{"line":8,"column":18}},"line":6},"3":{"name":"(anonymous_3)","decl":{"start":{"line":14,"column":34},"end":{"line":14,"column":35}},"loc":{"start":{"line":14,"column":67},"end":{"line":26,"column":1}},"line":14},"4":{"name":"(anonymous_4)","decl":{"start":{"line":15,"column":42},"end":{"line":15,"column":43}},"loc":{"start":{"line":15,"column":56},"end":{"line":15,"column":91}},"line":15},"5":{"name":"(anonymous_5)","decl":{"start":{"line":18,"column":28},"end":{"line":18,"column":29}},"loc":{"start":{"line":18,"column":42},"end":{"line":18,"column":77}},"line":18},"6":{"name":"(anonymous_6)","decl":{"start":{"line":20,"column":23},"end":{"line":20,"column":24}},"loc":{"start":{"line":20,"column":38},"end":{"line":25,"column":14}},"line":20}},"branchMap":{"0":{"loc":{"start":{"line":4,"column":2},"end":{"line":9,"column":3}},"type":"if","locations":[{"start":{"line":4,"column":2},"end":{"line":9,"column":3}},{"start":{"line":4,"column":2},"end":{"line":9,"column":3}}],"line":4},"1":{"loc":{"start":{"line":6,"column":6},"end":{"line":8,"column":18}},"type":"cond-expr","locations":[{"start":{"line":7,"column":10},"end":{"line":7,"column":58}},{"start":{"line":8,"column":10},"end":{"line":8,"column":18}}],"line":6},"2":{"loc":{"start":{"line":17,"column":2},"end":{"line":19,"column":3}},"type":"if","locations":[{"start":{"line":17,"column":2},"end":{"line":19,"column":3}},{"start":{"line":17,"column":2},"end":{"line":19,"column":3}}],"line":17},"3":{"loc":{"start":{"line":20,"column":38},"end":{"line":25,"column":14}},"type":"cond-expr","locations":[{"start":{"line":21,"column":6},"end":{"line":24,"column":5}},{"start":{"line":25,"column":6},"end":{"line":25,"column":14}}],"line":20}},"s":{"0":0,"1":0,"2":0,"3":0,"4":0,"5":0,"6":0,"7":0,"8":0,"9":0,"10":0,"11":0,"12":0,"13":0,"14":0},"f":{"0":0,"1":0,"2":0,"3":0,"4":0,"5":0,"6":0},"b":{"0":[0,0],"1":[0,0],"2":[0,0],"3":[0,0]},"hash":"3d817f83ecb7f87d31d53b87f6d99e0c651e1a23"}
,"/Users/shincat/webDevelopment/jiafeimaoStore/src/utils/lazyLoadingImport.js": {"path":"/Users/shincat/webDevelopment/jiafeimaoStore/src/utils/lazyLoadingImport.js","statementMap":{"0":{"start":{"line":3,"column":26},"end":{"line":7,"column":1}},"1":{"start":{"line":3,"column":41},"end":{"line":7,"column":1}},"2":{"start":{"line":4,"column":2},"end":{"line":6,"column":13}},"3":{"start":{"line":9,"column":23},"end":{"line":9,"column":31}},"4":{"start":{"line":9,"column":29},"end":{"line":9,"column":31}}},"fnMap":{"0":{"name":"(anonymous_0)","decl":{"start":{"line":3,"column":26},"end":{"line":3,"column":27}},"loc":{"start":{"line":3,"column":41},"end":{"line":7,"column":1}},"line":3},"1":{"name":"(anonymous_1)","decl":{"start":{"line":3,"column":41},"end":{"line":3,"column":42}},"loc":{"start":{"line":4,"column":2},"end":{"line":6,"column":13}},"line":4},"2":{"name":"(anonymous_2)","decl":{"start":{"line":9,"column":23},"end":{"line":9,"column":24}},"loc":{"start":{"line":9,"column":29},"end":{"line":9,"column":31}},"line":9}},"branchMap":{},"s":{"0":0,"1":0,"2":0,"3":0,"4":0},"f":{"0":0,"1":0,"2":0},"b":{},"hash":"27f6f394154352e94be3c7e1eaebd1ef100935e7"}
}
